#
# A fatal error has been detected by the Java Runtime Environment:
#
#  SIGILL (0x4) at pc=0x00007f9c4044621a, pid=13465, tid=140309434889984
#
# JRE version: OpenJDK Runtime Environment (8.0_25-b17) (build 1.8.0_25-b17)
# Java VM: OpenJDK 64-Bit Server VM (25.25-b02 mixed mode linux-amd64 compressed oops)
# Problematic frame:
# J 774 C1 java.lang.Class.copyFields([Ljava/lang/reflect/Field;)[Ljava/lang/reflect/Field; (36 bytes) @ 0x00007f9c4044621a [0x00007f9c404460c0+0x15a]
#
# Failed to write core dump. Core dumps have been disabled. To enable core dumping, try "ulimit -c unlimited" before starting Java again
#
# If you would like to submit a bug report, please visit:
#   http://www.azulsystems.com/support/
#

---------------  T H R E A D  ---------------

Current thread (0x00007f9c50009800):  JavaThread "main" [_thread_in_Java, id=13483, stack(0x00007f9c55f67000,0x00007f9c56068000)]

siginfo: si_signo: 4 (SIGILL), si_code: 2 (ILL_ILLOPN), si_addr: 0x00007f9c4044621a

Registers:
RAX=0x000000076e789618, RBX=0x0000000000000000, RCX=0x00000000f80037f4, RDX=0x00007f9c3e2bba80
RSP=0x00007f9c56065360, RBP=0x00007f9c56065628, RSI=0x0000000000000108, RDI=0x000000000000053a
R8 =0x0000000000000001, R9 =0x0000000000000b5c, R10=0x0000000000000000, R11=0x000000000000000a
R12=0x0000000000000000, R13=0x0000000000000117, R14=0x00007f9c560653f0, R15=0x00007f9c50009800
RIP=0x00007f9c4044621a, EFLAGS=0x0000000000010202, CSGSFS=0x0000000000000033, ERR=0x0000000000000000
  TRAPNO=0x0000000000000006

Top of Stack: (sp=0x00007f9c56065360)
0x00007f9c56065360:   00007f9c56065400 00007f9c3e14a518
0x00007f9c56065370:   00007f9c56065628 00007f9c4041ac2c
0x00007f9c56065380:   0000000000000000 00007f9c3e2c2e50
0x00007f9c56065390:   0000000000000000 0000000000000117
0x00007f9c560653a0:   00007f9c560653f0 00007f9c50009800
0x00007f9c560653b0:   00007f9c56065400 00007f9c403f406c
0x00007f9c560653c0:   00007f9c3e2a7d70 0000000000000000
0x00007f9c560653d0:   0000000700000001 000000076e30fe28
0x00007f9c560653e0:   000000076e789618 000000076e789528
0x00007f9c560653f0:   000000076c712108 0000007456065628
0x00007f9c56065400:   00007f9c56065628 00007f9c4041fb4c
0x00007f9c56065410:   00007f9c55408880 00007f9c560654b0
0x00007f9c56065420:   00007f9c56065450 00007f9c54ea7182
0x00007f9c56065430:   00007f9c50009800 00007f9c5540ccc0
0x00007f9c56065440:   00007f9c50009800 00007f9c5540ccc0
0x00007f9c56065450:   00007f9c560654a0 00007f9c54bcb173
0x00007f9c56065460:   00007f9c50009800 000000076e781c48
0x00007f9c56065470:   00007f9c56065510 00007f9c3dca5648
0x00007f9c56065480:   0000000000000000 00007f9c560655e0
0x00007f9c56065490:   00007f9c56065638 00007f9c50009800
0x00007f9c560654a0:   0000000100000000 000000076e789408
0x00007f9c560654b0:   000000076e789428 000000076e789440
0x00007f9c560654c0:   0000000000000000 0000000000000001
0x00007f9c560654d0:   000000076d6416e0 000000076e789528
0x00007f9c560654e0:   0000000000000074 000000076d0acb28
0x00007f9c560654f0:   00007f9c56065628 00007f9c404102fc
0x00007f9c56065500:   00007f9c56065550 00007f9c3dd7ba40
0x00007f9c56065510:   0000000000000000 00007f9c3dd7a2b8
0x00007f9c56065520:   0000000000000000 00007f9c56065540
0x00007f9c56065530:   00007f9c56065598 00007f9c500099d8
0x00007f9c56065540:   00007f9c56065570 00007f9c560655e0
0x00007f9c56065550:   00007f9c56065628 00007f9c40441cec 

Instructions: (pc=0x00007f9c4044621a)
0x00007f9c404461fa:   00 00 00 00 0f 85 0a 00 00 00 48 be 18 01 00 00
0x00007f9c4044620a:   00 00 00 00 48 8b 3c 32 48 8d 7f 01 48 89 3c 32
0x00007f9c4044621a:   0e 85 f5 01 00 00 48 ba 88 21 01 c0 07 00 00 00
0x00007f9c4044622a:   49 8b 47 60 48 8d 78 10 49 3b 7f 70 0f 87 ac 06 

Register to memory mapping:

RAX=0x000000076e789618 is an oop
[Ljava.lang.reflect.Field; 
 - klass: 'java/lang/reflect/Field'[]
 - length: 1
RBX=0x0000000000000000 is an unknown value
RCX=0x00000000f80037f4 is an unknown value
RDX=0x00007f9c3e2bba80 is pointing into metadata
RSP=0x00007f9c56065360 is pointing into the stack for thread: 0x00007f9c50009800
RBP=0x00007f9c56065628 is pointing into the stack for thread: 0x00007f9c50009800
RSI=0x0000000000000108 is an unknown value
RDI=0x000000000000053a is an unknown value
R8 =0x0000000000000001 is an unknown value
R9 =0x0000000000000b5c is an unknown value
R10=0x0000000000000000 is an unknown value
R11=0x000000000000000a is an unknown value
R12=0x0000000000000000 is an unknown value
R13=0x0000000000000117 is an unknown value
R14=0x00007f9c560653f0 is pointing into the stack for thread: 0x00007f9c50009800
R15=0x00007f9c50009800 is a thread


Stack: [0x00007f9c55f67000,0x00007f9c56068000],  sp=0x00007f9c56065360,  free space=1016k
Native frames: (J=compiled Java code, j=interpreted, Vv=VM code, C=native code)
J 774 C1 java.lang.Class.copyFields([Ljava/lang/reflect/Field;)[Ljava/lang/reflect/Field; (36 bytes) @ 0x00007f9c4044621a [0x00007f9c404460c0+0x15a]
J 713 C1 com.google.inject.spi.InjectionPoint.getInjectionPoints(Lcom/google/inject/TypeLiteral;ZLcom/google/inject/internal/Errors;)Ljava/util/Set; (506 bytes) @ 0x00007f9c4041fb4c [0x00007f9c4041f440+0x70c]
J 769 C1 com.google.inject.spi.InjectionPoint.forInstanceMethodsAndFields(Lcom/google/inject/TypeLiteral;)Ljava/util/Set; (40 bytes) @ 0x00007f9c40441cec [0x00007f9c40441b60+0x18c]
j  com.google.inject.spi.InjectionPoint.forInstanceMethodsAndFields(Ljava/lang/Class;)Ljava/util/Set;+4
j  com.google.inject.internal.BindingBuilder.toProvider(Lcom/google/inject/Provider;)Lcom/google/inject/internal/BindingBuilder;+15
j  com.google.inject.internal.BindingBuilder.toProvider(Lcom/google/inject/Provider;)Lcom/google/inject/binder/ScopedBindingBuilder;+2
j  com.google.inject.internal.ProviderInstanceBindingImpl.applyTo(Lcom/google/inject/Binder;)V+27
j  org.sonatype.guice.bean.binders.ElementMerger.visit(Lcom/google/inject/Binding;)Ljava/lang/Void;+55
j  org.sonatype.guice.bean.binders.ElementMerger.visit(Lcom/google/inject/Binding;)Ljava/lang/Object;+2
j  com.google.inject.internal.BindingImpl.acceptVisitor(Lcom/google/inject/spi/ElementVisitor;)Ljava/lang/Object;+2
j  org.sonatype.guice.bean.binders.MergedModule.configure(Lcom/google/inject/Binder;)V+83
j  com.google.inject.spi.Elements$RecordingBinder.install(Lcom/google/inject/Module;)V+31
j  com.google.inject.spi.Elements.getElements(Lcom/google/inject/Stage;Ljava/lang/Iterable;)Ljava/util/List;+40
j  com.google.inject.internal.InjectorShell$Builder.build(Lcom/google/inject/internal/Initializer;Lcom/google/inject/internal/ProcessedBindingData;Lcom/google/inject/internal/util/Stopwatch;Lcom/google/inject/internal/Errors;)Ljava/util/List;+99
j  com.google.inject.internal.InternalInjectorCreator.build()Lcom/google/inject/Injector;+48
j  com.google.inject.Guice.createInjector(Lcom/google/inject/Stage;Ljava/lang/Iterable;)Lcom/google/inject/Injector;+15
j  com.google.inject.Guice.createInjector(Ljava/lang/Iterable;)Lcom/google/inject/Injector;+4
j  com.google.inject.Guice.createInjector([Lcom/google/inject/Module;)Lcom/google/inject/Injector;+4
j  org.codehaus.plexus.DefaultPlexusContainer.addPlexusInjector(Ljava/util/List;[Lcom/google/inject/Module;)V+88
j  org.codehaus.plexus.DefaultPlexusContainer.<init>(Lorg/codehaus/plexus/ContainerConfiguration;[Lcom/google/inject/Module;)V+380
j  org.codehaus.plexus.DefaultPlexusContainer.<init>(Lorg/codehaus/plexus/ContainerConfiguration;)V+5
j  org.apache.maven.cli.MavenCli.container(Lorg/apache/maven/cli/MavenCli$CliRequest;)V+81
j  org.apache.maven.cli.MavenCli.doMain(Lorg/apache/maven/cli/MavenCli$CliRequest;)I+27
j  org.apache.maven.cli.MavenCli.main([Ljava/lang/String;Lorg/codehaus/plexus/classworlds/ClassWorld;)I+18
v  ~StubRoutines::call_stub
V  [libjvm.so+0x639d3b]  JavaCalls::call_helper(JavaValue*, methodHandle*, JavaCallArguments*, Thread*)+0x108b
V  [libjvm.so+0x8dfa22]  Reflection::invoke(instanceKlassHandle, methodHandle, Handle, bool, objArrayHandle, BasicType, objArrayHandle, bool, Thread*)+0x572
V  [libjvm.so+0x8e361d]  Reflection::invoke_method(oopDesc*, Handle, objArrayHandle, Thread*)+0x14d
V  [libjvm.so+0x68ab67]  JVM_InvokeMethod+0x217
j  sun.reflect.NativeMethodAccessorImpl.invoke0(Ljava/lang/reflect/Method;Ljava/lang/Object;[Ljava/lang/Object;)Ljava/lang/Object;+0
j  sun.reflect.NativeMethodAccessorImpl.invoke(Ljava/lang/Object;[Ljava/lang/Object;)Ljava/lang/Object;+100
j  sun.reflect.DelegatingMethodAccessorImpl.invoke(Ljava/lang/Object;[Ljava/lang/Object;)Ljava/lang/Object;+6
j  java.lang.reflect.Method.invoke(Ljava/lang/Object;[Ljava/lang/Object;)Ljava/lang/Object;+56
j  org.codehaus.plexus.classworlds.launcher.Launcher.launchEnhanced([Ljava/lang/String;)V+45
j  org.codehaus.plexus.classworlds.launcher.Launcher.launch([Ljava/lang/String;)V+2
j  org.codehaus.plexus.classworlds.launcher.Launcher.mainWithExitCode([Ljava/lang/String;)I+101
j  org.codehaus.plexus.classworlds.launcher.Launcher.main([Ljava/lang/String;)V+1
v  ~StubRoutines::call_stub
V  [libjvm.so+0x639d3b]  JavaCalls::call_helper(JavaValue*, methodHandle*, JavaCallArguments*, Thread*)+0x108b
V  [libjvm.so+0x65b408]  jni_invoke_static(JNIEnv_*, JavaValue*, _jobject*, JNICallType, _jmethodID*, JNI_ArgumentPusher*, Thread*)+0x338
V  [libjvm.so+0x666920]  jni_CallStaticVoidMethod+0x180
C  [libjli.so+0x76d2]  JavaMain+0x632
C  [libpthread.so.0+0x8182]  start_thread+0xc2


---------------  P R O C E S S  ---------------

Java Threads: ( => current thread )
  0x00007f9c500cf800 JavaThread "Service Thread" daemon [_thread_blocked, id=13495, stack(0x00007f9c37afb000,0x00007f9c37bfc000)]
  0x00007f9c500b2000 JavaThread "C1 CompilerThread2" daemon [_thread_blocked, id=13494, stack(0x00007f9c37bfc000,0x00007f9c37cfd000)]
  0x00007f9c500b0800 JavaThread "C2 CompilerThread1" daemon [_thread_blocked, id=13493, stack(0x00007f9c37cfd000,0x00007f9c37dfe000)]
  0x00007f9c500ad800 JavaThread "C2 CompilerThread0" daemon [_thread_blocked, id=13492, stack(0x00007f9c37dfe000,0x00007f9c37eff000)]
  0x00007f9c500ab800 JavaThread "Signal Dispatcher" daemon [_thread_blocked, id=13491, stack(0x00007f9c37eff000,0x00007f9c38000000)]
  0x00007f9c5007b800 JavaThread "Finalizer" daemon [_thread_blocked, id=13490, stack(0x00007f9c3c779000,0x00007f9c3c87a000)]
  0x00007f9c50079800 JavaThread "Reference Handler" daemon [_thread_blocked, id=13489, stack(0x00007f9c3c87a000,0x00007f9c3c97b000)]
=>0x00007f9c50009800 JavaThread "main" [_thread_in_Java, id=13483, stack(0x00007f9c55f67000,0x00007f9c56068000)]

Other Threads:
  0x00007f9c50072800 VMThread [stack: 0x00007f9c3c97b000,0x00007f9c3ca7c000] [id=13488]
  0x00007f9c500d2000 WatcherThread [stack: 0x00007f9c379fa000,0x00007f9c37afb000] [id=13496]

VM state:not at safepoint (normal execution)

VM Mutex/Monitor currently owned by a thread: None

Heap:
 PSYoungGen      total 75264K, used 33638K [0x000000076c700000, 0x0000000771b00000, 0x00000007c0000000)
  eden space 64512K, 52% used [0x000000076c700000,0x000000076e7d9ac0,0x0000000770600000)
  from space 10752K, 0% used [0x0000000771080000,0x0000000771080000,0x0000000771b00000)
  to   space 10752K, 0% used [0x0000000770600000,0x0000000770600000,0x0000000771080000)
 ParOldGen       total 172032K, used 0K [0x00000006c5400000, 0x00000006cfc00000, 0x000000076c700000)
  object space 172032K, 0% used [0x00000006c5400000,0x00000006c5400000,0x00000006cfc00000)
 Metaspace       used 7481K, capacity 7640K, committed 7936K, reserved 1056768K
  class space    used 894K, capacity 954K, committed 1024K, reserved 1048576K

Card table byte_map: [0x00007f9c3f5b9000,0x00007f9c3fd90000] byte_map_base: 0x00007f9c3bf8f000

Marking Bits: (ParMarkBitMap*) 0x00007f9c5540c7e0
 Begin Bits: [0x00007f9c202a0000, 0x00007f9c24150000)
 End Bits:   [0x00007f9c24150000, 0x00007f9c28000000)

Polling page: 0x00007f9c5606d000

CodeCache: size=245760Kb used=3054Kb max_used=3054Kb free=242705Kb
 bounds [0x00007f9c40150000, 0x00007f9c40450000, 0x00007f9c4f150000]
 total_blobs=1055 nmethods=782 adapters=189
 compilation: enabled

Compilation events (10 events):
Event: 0.590 Thread 0x00007f9c500b2000 nmethod 769 0x00007f9c40441990 code [0x00007f9c40441b60, 0x00007f9c404421d8]
Event: 0.590 Thread 0x00007f9c500b2000  771       3       com.google.inject.internal.Errors::<init> (20 bytes)
Event: 0.590 Thread 0x00007f9c500b2000 nmethod 771 0x00007f9c40441590 code [0x00007f9c40441700, 0x00007f9c404418f0]
Event: 0.590 Thread 0x00007f9c500b2000  773       3       com.google.inject.spi.InjectionPoint::hierarchyFor (44 bytes)
Event: 0.592 Thread 0x00007f9c500b2000 nmethod 773 0x00007f9c40443fd0 code [0x00007f9c404441e0, 0x00007f9c40444c28]
Event: 0.592 Thread 0x00007f9c500b2000  772       3       com.google.inject.internal.AbstractBindingBuilder::checkNotTargetted (26 bytes)
Event: 0.592 Thread 0x00007f9c500b2000 nmethod 772 0x00007f9c40445150 code [0x00007f9c404452e0, 0x00007f9c404456c8]
Event: 0.596 Thread 0x00007f9c500b2000  774       3       java.lang.Class::copyFields (36 bytes)
Event: 0.597 Thread 0x00007f9c500b2000 nmethod 774 0x00007f9c40445ed0 code [0x00007f9c404460c0, 0x00007f9c40446ad8]
Event: 0.597 Thread 0x00007f9c500b2000  780       3       java.lang.Class::getEnclosingClass (60 bytes)

GC Heap History (0 events):
No events

Deoptimization events (0 events):
No events

Internal exceptions (10 events):
Event: 0.594 Thread 0x00007f9c50009800 Exception <a 'java/security/PrivilegedActionException'> (0x000000076e759ab0) thrown at [/export/home/tester/jenkins/workspace/zulu8-silver-build-rhel64/zulu-src/hotspot/src/share/vm/prims/jvm.cpp, line 1312]
Event: 0.594 Thread 0x00007f9c50009800 Exception <a 'java/security/PrivilegedActionException'> (0x000000076e75a4d0) thrown at [/export/home/tester/jenkins/workspace/zulu8-silver-build-rhel64/zulu-src/hotspot/src/share/vm/prims/jvm.cpp, line 1312]
Event: 0.595 Thread 0x00007f9c50009800 Exception <a 'java/security/PrivilegedActionException'> (0x000000076e767888) thrown at [/export/home/tester/jenkins/workspace/zulu8-silver-build-rhel64/zulu-src/hotspot/src/share/vm/prims/jvm.cpp, line 1312]
Event: 0.595 Thread 0x00007f9c50009800 Exception <a 'java/security/PrivilegedActionException'> (0x000000076e7681d8) thrown at [/export/home/tester/jenkins/workspace/zulu8-silver-build-rhel64/zulu-src/hotspot/src/share/vm/prims/jvm.cpp, line 1312]
Event: 0.595 Thread 0x00007f9c50009800 Exception <a 'java/security/PrivilegedActionException'> (0x000000076e76c760) thrown at [/export/home/tester/jenkins/workspace/zulu8-silver-build-rhel64/zulu-src/hotspot/src/share/vm/prims/jvm.cpp, line 1312]
Event: 0.595 Thread 0x00007f9c50009800 Exception <a 'java/security/PrivilegedActionException'> (0x000000076e76d0f8) thrown at [/export/home/tester/jenkins/workspace/zulu8-silver-build-rhel64/zulu-src/hotspot/src/share/vm/prims/jvm.cpp, line 1312]
Event: 0.595 Thread 0x00007f9c50009800 Exception <a 'java/security/PrivilegedActionException'> (0x000000076e771bb0) thrown at [/export/home/tester/jenkins/workspace/zulu8-silver-build-rhel64/zulu-src/hotspot/src/share/vm/prims/jvm.cpp, line 1312]
Event: 0.595 Thread 0x00007f9c50009800 Exception <a 'java/security/PrivilegedActionException'> (0x000000076e7724e0) thrown at [/export/home/tester/jenkins/workspace/zulu8-silver-build-rhel64/zulu-src/hotspot/src/share/vm/prims/jvm.cpp, line 1312]
Event: 0.595 Thread 0x00007f9c50009800 Exception <a 'java/security/PrivilegedActionException'> (0x000000076e778388) thrown at [/export/home/tester/jenkins/workspace/zulu8-silver-build-rhel64/zulu-src/hotspot/src/share/vm/prims/jvm.cpp, line 1312]
Event: 0.595 Thread 0x00007f9c50009800 Exception <a 'java/security/PrivilegedActionException'> (0x000000076e778d20) thrown at [/export/home/tester/jenkins/workspace/zulu8-silver-build-rhel64/zulu-src/hotspot/src/share/vm/prims/jvm.cpp, line 1312]

Events (10 events):
Event: 0.594 loading class org/apache/maven/artifact/resolver/AbstractArtifactResolutionException
Event: 0.594 loading class org/apache/maven/artifact/resolver/AbstractArtifactResolutionException done
Event: 0.595 loading class org/apache/maven/plugin/PluginResolutionException
Event: 0.595 loading class org/apache/maven/plugin/PluginResolutionException done
Event: 0.595 loading class org/apache/maven/plugin/PluginDescriptorParsingException
Event: 0.595 loading class org/apache/maven/plugin/PluginDescriptorParsingException done
Event: 0.595 loading class org/apache/maven/plugin/MojoNotFoundException
Event: 0.595 loading class org/apache/maven/plugin/MojoNotFoundException done
Event: 0.595 loading class org/apache/maven/plugin/InvalidPluginDescriptorException
Event: 0.595 loading class org/apache/maven/plugin/InvalidPluginDescriptorException done


Dynamic libraries:
00400000-00401000 r-xp 00000000 08:02 1516300                            /usr/lib/jvm/zulu-8-amd64/bin/java
00600000-00601000 rw-p 00000000 08:02 1516300                            /usr/lib/jvm/zulu-8-amd64/bin/java
01551000-01572000 rw-p 00000000 00:00 0                                  [heap]
6c5400000-6cfc00000 rw-p 00000000 00:00 0 
6cfc00000-76c700000 ---p 00000000 00:00 0 
76c700000-771b00000 rw-p 00000000 00:00 0 
771b00000-7c0000000 ---p 00000000 00:00 0 
7c0000000-7c0100000 rw-p 00000000 00:00 0 
7c0100000-800000000 ---p 00000000 00:00 0 
7f9bfc000000-7f9bfc021000 rw-p 00000000 00:00 0 
7f9bfc021000-7f9c00000000 ---p 00000000 00:00 0 
7f9c00000000-7f9c00021000 rw-p 00000000 00:00 0 
7f9c00021000-7f9c04000000 ---p 00000000 00:00 0 
7f9c04000000-7f9c044a2000 rw-p 00000000 00:00 0 
7f9c044a2000-7f9c08000000 ---p 00000000 00:00 0 
7f9c08000000-7f9c083a5000 rw-p 00000000 00:00 0 
7f9c083a5000-7f9c0c000000 ---p 00000000 00:00 0 
7f9c0c000000-7f9c0c021000 rw-p 00000000 00:00 0 
7f9c0c021000-7f9c10000000 ---p 00000000 00:00 0 
7f9c10000000-7f9c103b8000 rw-p 00000000 00:00 0 
7f9c103b8000-7f9c14000000 ---p 00000000 00:00 0 
7f9c14000000-7f9c14021000 rw-p 00000000 00:00 0 
7f9c14021000-7f9c18000000 ---p 00000000 00:00 0 
7f9c18000000-7f9c18021000 rw-p 00000000 00:00 0 
7f9c18021000-7f9c1c000000 ---p 00000000 00:00 0 
7f9c1c000000-7f9c1c021000 rw-p 00000000 00:00 0 
7f9c1c021000-7f9c20000000 ---p 00000000 00:00 0 
7f9c202a0000-7f9c28000000 rw-p 00000000 00:00 0 
7f9c28000000-7f9c28021000 rw-p 00000000 00:00 0 
7f9c28021000-7f9c2c000000 ---p 00000000 00:00 0 
7f9c2c000000-7f9c2c021000 rw-p 00000000 00:00 0 
7f9c2c021000-7f9c30000000 ---p 00000000 00:00 0 
7f9c30000000-7f9c30021000 rw-p 00000000 00:00 0 
7f9c30021000-7f9c34000000 ---p 00000000 00:00 0 
7f9c3794a000-7f9c3794c000 r--s 0000a000 08:02 872967                     /usr/share/java/wagon-provider-api-2.x.jar
7f9c3794e000-7f9c3794f000 r--s 00006000 08:02 872684                     /usr/share/java/plexus-sec-dispatcher.jar
7f9c37956000-7f9c3795c000 r--s 0003e000 08:02 873003                     /usr/share/java/maven3-compat-3.0.5.jar
7f9c37962000-7f9c37964000 r--s 0000a000 08:02 873001                     /usr/share/java/maven3-artifact-3.0.5.jar
7f9c37966000-7f9c37968000 r--s 00006000 08:02 1524435                    /usr/share/maven-repo/org/sonatype/aether/aether-connector-wagon/1.13.1/aether-connector-wagon-1.13.1.jar
7f9c37969000-7f9c3796b000 r--s 00009000 08:02 873004                     /usr/share/java/maven3-plugin-api-3.0.5.jar
7f9c37971000-7f9c37972000 r--s 00001000 08:02 872968                     /usr/share/java/wagon-file-2.x.jar
7f9c37973000-7f9c3798f000 r--s 00393000 08:02 1155447                    /usr/lib/jvm/zulu-8-amd64/jre/lib/ext/cldrdata.jar
7f9c37996000-7f9c379a0000 r--s 00116000 08:02 1155439                    /usr/lib/jvm/zulu-8-amd64/jre/lib/ext/localedata.jar
7f9c379a4000-7f9c379aa000 r--s 0002c000 08:02 872859                     /usr/share/java/sisu-inject-plexus.jar
7f9c379ae000-7f9c379b0000 r--s 0000e000 08:02 872579                     /usr/share/java/plexus-interpolation.jar
7f9c379b3000-7f9c379b5000 r--s 0000b000 08:02 872995                     /usr/share/java/maven3-aether-provider-3.0.5.jar
7f9c379b9000-7f9c379e2000 r--s 001e9000 08:02 872551                     /usr/share/java/guava.jar
7f9c379e7000-7f9c379e9000 r--s 00007000 08:02 872543                     /usr/share/java/commons-cli-1.2.jar
7f9c379f0000-7f9c379f4000 r--s 00020000 08:02 873005                     /usr/share/java/maven3-model-builder-3.0.5.jar
7f9c379f7000-7f9c379f9000 r--s 00007000 08:02 873002                     /usr/share/java/maven3-settings-builder-3.0.5.jar
7f9c379fa000-7f9c379fb000 ---p 00000000 00:00 0 
7f9c379fb000-7f9c37afb000 rw-p 00000000 00:00 0                          [stack:13496]
7f9c37afb000-7f9c37afe000 ---p 00000000 00:00 0 
7f9c37afe000-7f9c37bfc000 rw-p 00000000 00:00 0                          [stack:13495]
7f9c37bfc000-7f9c37bff000 ---p 00000000 00:00 0 
7f9c37bff000-7f9c37cfd000 rw-p 00000000 00:00 0                          [stack:13494]
7f9c37cfd000-7f9c37d00000 ---p 00000000 00:00 0 
7f9c37d00000-7f9c37dfe000 rw-p 00000000 00:00 0                          [stack:13493]
7f9c37dfe000-7f9c37e01000 ---p 00000000 00:00 0 
7f9c37e01000-7f9c37eff000 rw-p 00000000 00:00 0                          [stack:13492]
7f9c37eff000-7f9c37f02000 ---p 00000000 00:00 0 
7f9c37f02000-7f9c38000000 rw-p 00000000 00:00 0                          [stack:13491]
7f9c38000000-7f9c38021000 rw-p 00000000 00:00 0 
7f9c38021000-7f9c3c000000 ---p 00000000 00:00 0 
7f9c3c003000-7f9c3c004000 r--s 00003000 08:02 1524412                    /usr/share/maven-repo/org/sonatype/aether/aether-spi/1.13.1/aether-spi-1.13.1.jar
7f9c3c008000-7f9c3c00a000 r--s 00008000 08:02 872998                     /usr/share/java/maven3-embedder-3.0.5.jar
7f9c3c011000-7f9c3c013000 r--s 00009000 08:02 872999                     /usr/share/java/maven3-settings-3.0.5.jar
7f9c3c014000-7f9c3c020000 r--s 0007c000 08:02 872997                     /usr/share/java/maven3-core-3.0.5.jar
7f9c3c025000-7f9c3c028000 r--s 0001d000 08:02 1524429                    /usr/share/maven-repo/org/sonatype/aether/aether-impl/1.13.1/aether-impl-1.13.1.jar
7f9c3c02a000-7f9c3c036000 r--s 00082000 08:02 872855                     /usr/share/java/sisu-guice.jar
7f9c3c038000-7f9c3c054000 r--s 00110000 08:02 872975                     /usr/share/java/wagon-http-shaded-2.x.jar
7f9c3c055000-7f9c3c057000 r--s 00005000 08:02 873000                     /usr/share/java/maven3-repository-metadata-3.0.5.jar
7f9c3c05a000-7f9c3c05c000 r--s 00002000 08:02 872682                     /usr/share/java/plexus-cipher.jar
7f9c3c05d000-7f9c3c05f000 r--s 00025000 08:02 872996                     /usr/share/java/maven3-model-3.0.5.jar
7f9c3c060000-7f9c3c067000 r--s 00040000 08:02 872864                     /usr/share/java/sisu-inject-bean.jar
7f9c3c06c000-7f9c3c070000 r--s 0001c000 08:02 1524400                    /usr/share/maven-repo/org/sonatype/aether/aether-util/1.13.1/aether-util-1.13.1.jar
7f9c3c073000-7f9c3c076000 r--s 00013000 08:02 1524417                    /usr/share/maven-repo/org/sonatype/aether/aether-api/1.13.1/aether-api-1.13.1.jar
7f9c3c07b000-7f9c3c07f000 r--s 00033000 08:02 872837                     /usr/share/java/plexus-utils2-2.0.5.jar
7f9c3c083000-7f9c3c08a000 r--s 0003b000 08:02 872567                     /usr/share/java/commons-codec-1.9.jar
7f9c3c090000-7f9c3c772000 r--p 00000000 08:02 829704                     /usr/lib/locale/locale-archive
7f9c3c779000-7f9c3c77c000 ---p 00000000 00:00 0 
7f9c3c77c000-7f9c3c87a000 rw-p 00000000 00:00 0                          [stack:13490]
7f9c3c87a000-7f9c3c87d000 ---p 00000000 00:00 0 
7f9c3c87d000-7f9c3c97b000 rw-p 00000000 00:00 0                          [stack:13489]
7f9c3c97b000-7f9c3c97c000 ---p 00000000 00:00 0 
7f9c3c97c000-7f9c3da5c000 rw-p 00000000 00:00 0                          [stack:13488]
7f9c3da5c000-7f9c3dc29000 r--s 03bb4000 08:02 1147095                    /usr/lib/jvm/zulu-8-amd64/jre/lib/rt.jar
7f9c3dc2f000-7f9c3e365000 rw-p 00000000 00:00 0 
7f9c3e365000-7f9c3e4a5000 ---p 00000000 00:00 0 
7f9c3e4a5000-7f9c3ec7b000 rw-p 00000000 00:00 0 
7f9c3ec7b000-7f9c3ec7c000 ---p 00000000 00:00 0 
7f9c3ec7c000-7f9c3ed7c000 rw-p 00000000 00:00 0                          [stack:13487]
7f9c3ed7c000-7f9c3ed7d000 ---p 00000000 00:00 0 
7f9c3ed7d000-7f9c3ee7d000 rw-p 00000000 00:00 0                          [stack:13486]
7f9c3ee7d000-7f9c3ee7e000 ---p 00000000 00:00 0 
7f9c3ee7e000-7f9c3ef7e000 rw-p 00000000 00:00 0                          [stack:13485]
7f9c3ef7e000-7f9c3ef7f000 ---p 00000000 00:00 0 
7f9c3ef7f000-7f9c3f0d3000 rw-p 00000000 00:00 0                          [stack:13484]
7f9c3f0d3000-7f9c3f5b9000 ---p 00000000 00:00 0 
7f9c3f5b9000-7f9c3f60d000 rw-p 00000000 00:00 0 
7f9c3f60d000-7f9c3faf2000 ---p 00000000 00:00 0 
7f9c3faf2000-7f9c3fb1d000 rw-p 00000000 00:00 0 
7f9c3fb1d000-7f9c3fd8f000 ---p 00000000 00:00 0 
7f9c3fd8f000-7f9c3fd9c000 rw-p 00000000 00:00 0 
7f9c3fd9c000-7f9c40150000 ---p 00000000 00:00 0 
7f9c40150000-7f9c40450000 rwxp 00000000 00:00 0 
7f9c40450000-7f9c4f150000 ---p 00000000 00:00 0 
7f9c4f150000-7f9c4f16a000 r-xp 00000000 08:02 1435972                    /usr/lib/jvm/zulu-8-amd64/jre/lib/amd64/libzip.so
7f9c4f16a000-7f9c4f369000 ---p 0001a000 08:02 1435972                    /usr/lib/jvm/zulu-8-amd64/jre/lib/amd64/libzip.so
7f9c4f369000-7f9c4f36a000 rw-p 00019000 08:02 1435972                    /usr/lib/jvm/zulu-8-amd64/jre/lib/amd64/libzip.so
7f9c4f370000-7f9c4f37b000 r-xp 00000000 08:02 3492391                    /lib/x86_64-linux-gnu/libnss_files-2.19.so
7f9c4f37b000-7f9c4f57a000 ---p 0000b000 08:02 3492391                    /lib/x86_64-linux-gnu/libnss_files-2.19.so
7f9c4f57a000-7f9c4f57b000 r--p 0000a000 08:02 3492391                    /lib/x86_64-linux-gnu/libnss_files-2.19.so
7f9c4f57b000-7f9c4f57c000 rw-p 0000b000 08:02 3492391                    /lib/x86_64-linux-gnu/libnss_files-2.19.so
7f9c4f580000-7f9c4f58b000 r-xp 00000000 08:02 3492419                    /lib/x86_64-linux-gnu/libnss_nis-2.19.so
7f9c4f58b000-7f9c4f78a000 ---p 0000b000 08:02 3492419                    /lib/x86_64-linux-gnu/libnss_nis-2.19.so
7f9c4f78a000-7f9c4f78b000 r--p 0000a000 08:02 3492419                    /lib/x86_64-linux-gnu/libnss_nis-2.19.so
7f9c4f78b000-7f9c4f78c000 rw-p 0000b000 08:02 3492419                    /lib/x86_64-linux-gnu/libnss_nis-2.19.so
7f9c4f790000-7f9c4f7a7000 r-xp 00000000 08:02 3492348                    /lib/x86_64-linux-gnu/libnsl-2.19.so
7f9c4f7a7000-7f9c4f9a6000 ---p 00017000 08:02 3492348                    /lib/x86_64-linux-gnu/libnsl-2.19.so
7f9c4f9a6000-7f9c4f9a7000 r--p 00016000 08:02 3492348                    /lib/x86_64-linux-gnu/libnsl-2.19.so
7f9c4f9a7000-7f9c4f9a8000 rw-p 00017000 08:02 3492348                    /lib/x86_64-linux-gnu/libnsl-2.19.so
7f9c4f9a8000-7f9c4f9aa000 rw-p 00000000 00:00 0 
7f9c4f9b0000-7f9c4f9b9000 r-xp 00000000 08:02 3492412                    /lib/x86_64-linux-gnu/libnss_compat-2.19.so
7f9c4f9b9000-7f9c4fbb8000 ---p 00009000 08:02 3492412                    /lib/x86_64-linux-gnu/libnss_compat-2.19.so
7f9c4fbb8000-7f9c4fbb9000 r--p 00008000 08:02 3492412                    /lib/x86_64-linux-gnu/libnss_compat-2.19.so
7f9c4fbb9000-7f9c4fbba000 rw-p 00009000 08:02 3492412                    /lib/x86_64-linux-gnu/libnss_compat-2.19.so
7f9c4fbc0000-7f9c4fbea000 r-xp 00000000 08:02 1435957                    /usr/lib/jvm/zulu-8-amd64/jre/lib/amd64/libjava.so
7f9c4fbea000-7f9c4fde9000 ---p 0002a000 08:02 1435957                    /usr/lib/jvm/zulu-8-amd64/jre/lib/amd64/libjava.so
7f9c4fde9000-7f9c4fdeb000 rw-p 00029000 08:02 1435957                    /usr/lib/jvm/zulu-8-amd64/jre/lib/amd64/libjava.so
7f9c4fdf0000-7f9c4fdfd000 r-xp 00000000 08:02 1435963                    /usr/lib/jvm/zulu-8-amd64/jre/lib/amd64/libverify.so
7f9c4fdfd000-7f9c4fffd000 ---p 0000d000 08:02 1435963                    /usr/lib/jvm/zulu-8-amd64/jre/lib/amd64/libverify.so
7f9c4fffd000-7f9c4ffff000 rw-p 0000d000 08:02 1435963                    /usr/lib/jvm/zulu-8-amd64/jre/lib/amd64/libverify.so
7f9c50000000-7f9c5076c000 rw-p 00000000 00:00 0 
7f9c5076c000-7f9c54000000 ---p 00000000 00:00 0 
7f9c54007000-7f9c54028000 rw-p 00000000 00:00 0 
7f9c54028000-7f9c5402f000 r-xp 00000000 08:02 3492428                    /lib/x86_64-linux-gnu/librt-2.19.so
7f9c5402f000-7f9c5422e000 ---p 00007000 08:02 3492428                    /lib/x86_64-linux-gnu/librt-2.19.so
7f9c5422e000-7f9c5422f000 r--p 00006000 08:02 3492428                    /lib/x86_64-linux-gnu/librt-2.19.so
7f9c5422f000-7f9c54230000 rw-p 00007000 08:02 3492428                    /lib/x86_64-linux-gnu/librt-2.19.so
7f9c54230000-7f9c54335000 r-xp 00000000 08:02 3492343                    /lib/x86_64-linux-gnu/libm-2.19.so
7f9c54335000-7f9c54534000 ---p 00105000 08:02 3492343                    /lib/x86_64-linux-gnu/libm-2.19.so
7f9c54534000-7f9c54535000 r--p 00104000 08:02 3492343                    /lib/x86_64-linux-gnu/libm-2.19.so
7f9c54535000-7f9c54536000 rw-p 00105000 08:02 3492343                    /lib/x86_64-linux-gnu/libm-2.19.so
7f9c54538000-7f9c5512d000 r-xp 00000000 08:02 1485096                    /usr/lib/jvm/zulu-8-amd64/jre/lib/amd64/server/libjvm.so
7f9c5512d000-7f9c5532c000 ---p 00bf5000 08:02 1485096                    /usr/lib/jvm/zulu-8-amd64/jre/lib/amd64/server/libjvm.so
7f9c5532c000-7f9c553fa000 rw-p 00bf4000 08:02 1485096                    /usr/lib/jvm/zulu-8-amd64/jre/lib/amd64/server/libjvm.so
7f9c553fa000-7f9c55439000 rw-p 00000000 00:00 0 
7f9c55440000-7f9c555fb000 r-xp 00000000 08:02 3492420                    /lib/x86_64-linux-gnu/libc-2.19.so
7f9c555fb000-7f9c557fb000 ---p 001bb000 08:02 3492420                    /lib/x86_64-linux-gnu/libc-2.19.so
7f9c557fb000-7f9c557ff000 r--p 001bb000 08:02 3492420                    /lib/x86_64-linux-gnu/libc-2.19.so
7f9c557ff000-7f9c55801000 rw-p 001bf000 08:02 3492420                    /lib/x86_64-linux-gnu/libc-2.19.so
7f9c55801000-7f9c55806000 rw-p 00000000 00:00 0 
7f9c55808000-7f9c5580b000 r-xp 00000000 08:02 3492395                    /lib/x86_64-linux-gnu/libdl-2.19.so
7f9c5580b000-7f9c55a0a000 ---p 00003000 08:02 3492395                    /lib/x86_64-linux-gnu/libdl-2.19.so
7f9c55a0a000-7f9c55a0b000 r--p 00002000 08:02 3492395                    /lib/x86_64-linux-gnu/libdl-2.19.so
7f9c55a0b000-7f9c55a0c000 rw-p 00003000 08:02 3492395                    /lib/x86_64-linux-gnu/libdl-2.19.so
7f9c55a10000-7f9c55a25000 r-xp 00000000 08:02 1402989                    /usr/lib/jvm/zulu-8-amd64/lib/amd64/jli/libjli.so
7f9c55a25000-7f9c55c24000 ---p 00015000 08:02 1402989                    /usr/lib/jvm/zulu-8-amd64/lib/amd64/jli/libjli.so
7f9c55c24000-7f9c55c25000 rw-p 00014000 08:02 1402989                    /usr/lib/jvm/zulu-8-amd64/lib/amd64/jli/libjli.so
7f9c55c28000-7f9c55c41000 r-xp 00000000 08:02 3492360                    /lib/x86_64-linux-gnu/libpthread-2.19.so
7f9c55c41000-7f9c55e40000 ---p 00019000 08:02 3492360                    /lib/x86_64-linux-gnu/libpthread-2.19.so
7f9c55e40000-7f9c55e41000 r--p 00018000 08:02 3492360                    /lib/x86_64-linux-gnu/libpthread-2.19.so
7f9c55e41000-7f9c55e42000 rw-p 00019000 08:02 3492360                    /lib/x86_64-linux-gnu/libpthread-2.19.so
7f9c55e42000-7f9c55e46000 rw-p 00000000 00:00 0 
7f9c55e48000-7f9c55e6b000 r-xp 00000000 08:02 3492414                    /lib/x86_64-linux-gnu/ld-2.19.so
7f9c55e70000-7f9c55e72000 r--s 00000000 08:02 872844                     /usr/share/java/plexus-component-annotations-1.5-1.5.5.jar
7f9c55e75000-7f9c55e76000 r--s 0000d000 08:02 872272                     /usr/share/java/commons-logging-1.1.3.jar
7f9c55e76000-7f9c55e7c000 r--s 00046000 08:02 872686                     /usr/share/java/commons-httpclient-3.1.jar
7f9c55e82000-7f9c55e84000 r--s 0000a000 08:02 872523                     /usr/share/java/plexus-classworlds2-2.5.1.jar
7f9c55e86000-7f9c55f58000 rw-p 00000000 00:00 0 
7f9c55f58000-7f9c55f60000 rw-s 00000000 08:02 6734213                    /tmp/hsperfdata_huff/13465
7f9c55f63000-7f9c55f67000 rw-p 00000000 00:00 0 
7f9c55f67000-7f9c55f6a000 ---p 00000000 00:00 0 
7f9c55f6a000-7f9c5606a000 rw-p 00000000 00:00 0                          [stack:13483]
7f9c5606a000-7f9c5606b000 r--p 00022000 08:02 3492414                    /lib/x86_64-linux-gnu/ld-2.19.so
7f9c5606b000-7f9c5606c000 rw-p 00023000 08:02 3492414                    /lib/x86_64-linux-gnu/ld-2.19.so
7f9c5606c000-7f9c5606d000 rw-p 00000000 00:00 0 
7f9c5606d000-7f9c5606e000 r--p 00000000 00:00 0 
7f9c5606e000-7f9c56072000 rw-p 00000000 00:00 0 
7fff14a6d000-7fff14a8e000 rw-p 00000000 00:00 0                          [stack]
7fff14bc8000-7fff14bca000 r-xp 00000000 00:00 0                          [vdso]
ffffffffff600000-ffffffffff601000 r-xp 00000000 00:00 0                  [vsyscall]

VM Arguments:
jvm_args: -Dclassworlds.conf=/usr/share/maven/bin/m2.conf -Dmaven.home=/usr/share/maven 
java_command: org.codehaus.plexus.classworlds.launcher.Launcher clean spring-boot:run
java_class_path (initial): /usr/share/maven/boot/plexus-classworlds-2.x.jar
Launcher Type: SUN_STANDARD

Environment Variables:
JAVA_HOME=/usr/lib/jvm/zulu-8-amd64
PATH=/home/huff/bin:/usr/local/sbin:/usr/local/bin:/usr/sbin:/usr/bin:/sbin:/bin:/usr/games:/usr/local/games
SHELL=/bin/bash
DISPLAY=:0

Signal Handlers:
SIGSEGV: [libjvm.so+0x9f8430], sa_mask[0]=11111111011111111101111111111110, sa_flags=SA_RESTART|SA_SIGINFO
SIGBUS: [libjvm.so+0x9f8430], sa_mask[0]=11111111011111111101111111111110, sa_flags=SA_RESTART|SA_SIGINFO
SIGFPE: [libjvm.so+0x8715a0], sa_mask[0]=11111111011111111101111111111110, sa_flags=SA_RESTART|SA_SIGINFO
SIGPIPE: [libjvm.so+0x8715a0], sa_mask[0]=11111111011111111101111111111110, sa_flags=SA_RESTART|SA_SIGINFO
SIGXFSZ: [libjvm.so+0x8715a0], sa_mask[0]=11111111011111111101111111111110, sa_flags=SA_RESTART|SA_SIGINFO
SIGILL: [libjvm.so+0x8715a0], sa_mask[0]=11111111011111111101111111111110, sa_flags=SA_RESTART|SA_SIGINFO
SIGUSR1: SIG_DFL, sa_mask[0]=00000000000000000000000000000000, sa_flags=none
SIGUSR2: [libjvm.so+0x872c80], sa_mask[0]=00000000000000000000000000000000, sa_flags=SA_RESTART|SA_SIGINFO
SIGHUP: [libjvm.so+0x874320], sa_mask[0]=11111111011111111101111111111110, sa_flags=SA_RESTART|SA_SIGINFO
SIGINT: [libjvm.so+0x874320], sa_mask[0]=11111111011111111101111111111110, sa_flags=SA_RESTART|SA_SIGINFO
SIGTERM: [libjvm.so+0x874320], sa_mask[0]=11111111011111111101111111111110, sa_flags=SA_RESTART|SA_SIGINFO
SIGQUIT: [libjvm.so+0x874320], sa_mask[0]=11111111011111111101111111111110, sa_flags=SA_RESTART|SA_SIGINFO


---------------  S Y S T E M  ---------------

OS:DISTRIB_ID=Ubuntu
DISTRIB_RELEASE=14.04
DISTRIB_CODENAME=trusty
DISTRIB_DESCRIPTION="Ubuntu 14.04.1 LTS"

uname:Linux 3.13.0-43-generic #72-Ubuntu SMP Mon Dec 8 19:35:06 UTC 2014 x86_64
libc:glibc 2.19 NPTL 2.19 
rlimit: STACK 8192k, CORE 0k, NPROC 127690, NOFILE 4096, AS infinity
load average:0.04 0.21 0.47

/proc/meminfo:
MemTotal:       16431892 kB
MemFree:         9229188 kB
Buffers:          291556 kB
Cached:          3920208 kB
SwapCached:            0 kB
Active:          4571332 kB
Inactive:        2153304 kB
Active(anon):    2519396 kB
Inactive(anon):    63076 kB
Active(file):    2051936 kB
Inactive(file):  2090228 kB
Unevictable:         696 kB
Mlocked:             696 kB
SwapTotal:             0 kB
SwapFree:              0 kB
Dirty:               116 kB
Writeback:             0 kB
AnonPages:       2513728 kB
Mapped:           315572 kB
Shmem:             69604 kB
Slab:             260500 kB
SReclaimable:     221440 kB
SUnreclaim:        39060 kB
KernelStack:        5688 kB
PageTables:        46864 kB
NFS_Unstable:          0 kB
Bounce:                0 kB
WritebackTmp:          0 kB
CommitLimit:     8215944 kB
Committed_AS:    7574108 kB
VmallocTotal:   34359738367 kB
VmallocUsed:      331940 kB
VmallocChunk:   34359394024 kB
HardwareCorrupted:     0 kB
AnonHugePages:   1427456 kB
HugePages_Total:       0
HugePages_Free:        0
HugePages_Rsvd:        0
HugePages_Surp:        0
Hugepagesize:       2048 kB
DirectMap4k:       73344 kB
DirectMap2M:     3069952 kB
DirectMap1G:    13631488 kB


CPU:total 4 (4 cores per cpu, 1 threads per core) family 21 model 1 stepping 2, cmov, cx8, fxsr, mmx, sse, sse2, sse3, ssse3, sse4.1, sse4.2, popcnt, avx, aes, clmul, mmxext, 3dnowpref, lzcnt, sse4a, tsc, tscinvbit, tscinv

/proc/cpuinfo:
processor	: 0
vendor_id	: AuthenticAMD
cpu family	: 21
model		: 1
model name	: AMD FX(tm)-4100 Quad-Core Processor
stepping	: 2
microcode	: 0x6000609
cpu MHz		: 3600.000
cache size	: 2048 KB
physical id	: 0
siblings	: 4
core id		: 0
cpu cores	: 2
apicid		: 0
initial apicid	: 0
fpu		: yes
fpu_exception	: yes
cpuid level	: 13
wp		: yes
flags		: fpu vme de pse tsc msr pae mce cx8 apic sep mtrr pge mca cmov pat pse36 clflush mmx fxsr sse sse2 ht syscall nx mmxext fxsr_opt pdpe1gb rdtscp lm constant_tsc rep_good nopl nonstop_tsc extd_apicid aperfmperf pni pclmulqdq monitor ssse3 cx16 sse4_1 sse4_2 popcnt aes xsave avx lahf_lm cmp_legacy svm extapic cr8_legacy abm sse4a misalignsse 3dnowprefetch osvw ibs xop skinit wdt lwp fma4 nodeid_msr topoext perfctr_core perfctr_nb arat cpb hw_pstate npt lbrv svm_lock nrip_save tsc_scale vmcb_clean flushbyasid decodeassists pausefilter pfthreshold
bogomips	: 7248.26
TLB size	: 1536 4K pages
clflush size	: 64
cache_alignment	: 64
address sizes	: 48 bits physical, 48 bits virtual
power management: ts ttp tm 100mhzsteps hwpstate cpb

processor	: 1
vendor_id	: AuthenticAMD
cpu family	: 21
model		: 1
model name	: AMD FX(tm)-4100 Quad-Core Processor            
stepping	: 2
microcode	: 0x6000609
cpu MHz		: 1400.000
cache size	: 2048 KB
physical id	: 0
siblings	: 4
core id		: 1
cpu cores	: 2
apicid		: 1
initial apicid	: 1
fpu		: yes
fpu_exception	: yes
cpuid level	: 13
wp		: yes
flags		: fpu vme de pse tsc msr pae mce cx8 apic sep mtrr pge mca cmov pat pse36 clflush mmx fxsr sse sse2 ht syscall nx mmxext fxsr_opt pdpe1gb rdtscp lm constant_tsc rep_good nopl nonstop_tsc extd_apicid aperfmperf pni pclmulqdq monitor ssse3 cx16 sse4_1 sse4_2 popcnt aes xsave avx lahf_lm cmp_legacy svm extapic cr8_legacy abm sse4a misalignsse 3dnowprefetch osvw ibs xop skinit wdt lwp fma4 nodeid_msr topoext perfctr_core perfctr_nb arat cpb hw_pstate npt lbrv svm_lock nrip_save tsc_scale vmcb_clean flushbyasid decodeassists pausefilter pfthreshold
bogomips	: 7248.26
TLB size	: 1536 4K pages
clflush size	: 64
cache_alignment	: 64
address sizes	: 48 bits physical, 48 bits virtual
power management: ts ttp tm 100mhzsteps hwpstate cpb

processor	: 2
vendor_id	: AuthenticAMD
cpu family	: 21
model		: 1
model name	: AMD FX(tm)-4100 Quad-Core Processor            
stepping	: 2
microcode	: 0x6000609
cpu MHz		: 1400.000
cache size	: 2048 KB
physical id	: 0
siblings	: 4
core id		: 3
cpu cores	: 2
apicid		: 2
initial apicid	: 3
fpu		: yes
fpu_exception	: yes
cpuid level	: 13
wp		: yes
flags		: fpu vme de pse tsc msr pae mce cx8 apic sep mtrr pge mca cmov pat pse36 clflush mmx fxsr sse sse2 ht syscall nx mmxext fxsr_opt pdpe1gb rdtscp lm constant_tsc rep_good nopl nonstop_tsc extd_apicid aperfmperf pni pclmulqdq monitor ssse3 cx16 sse4_1 sse4_2 popcnt aes xsave avx lahf_lm cmp_legacy svm extapic cr8_legacy abm sse4a misalignsse 3dnowprefetch osvw ibs xop skinit wdt lwp fma4 nodeid_msr topoext perfctr_core perfctr_nb arat cpb hw_pstate npt lbrv svm_lock nrip_save tsc_scale vmcb_clean flushbyasid decodeassists pausefilter pfthreshold
bogomips	: 7248.26
TLB size	: 1536 4K pages
clflush size	: 64
cache_alignment	: 64
address sizes	: 48 bits physical, 48 bits virtual
power management: ts ttp tm 100mhzsteps hwpstate cpb

processor	: 3
vendor_id	: AuthenticAMD
cpu family	: 21
model		: 1
model name	: AMD FX(tm)-4100 Quad-Core Processor            
stepping	: 2
microcode	: 0x6000609
cpu MHz		: 1400.000
cache size	: 2048 KB
physical id	: 0
siblings	: 4
core id		: 2
cpu cores	: 2
apicid		: 3
initial apicid	: 2
fpu		: yes
fpu_exception	: yes
cpuid level	: 13
wp		: yes
flags		: fpu vme de pse tsc msr pae mce cx8 apic sep mtrr pge mca cmov pat pse36 clflush mmx fxsr sse sse2 ht syscall nx mmxext fxsr_opt pdpe1gb rdtscp lm constant_tsc rep_good nopl nonstop_tsc extd_apicid aperfmperf pni pclmulqdq monitor ssse3 cx16 sse4_1 sse4_2 popcnt aes xsave avx lahf_lm cmp_legacy svm extapic cr8_legacy abm sse4a misalignsse 3dnowprefetch osvw ibs xop skinit wdt lwp fma4 nodeid_msr topoext perfctr_core perfctr_nb arat cpb hw_pstate npt lbrv svm_lock nrip_save tsc_scale vmcb_clean flushbyasid decodeassists pausefilter pfthreshold
bogomips	: 7248.26
TLB size	: 1536 4K pages
clflush size	: 64
cache_alignment	: 64
address sizes	: 48 bits physical, 48 bits virtual
power management: ts ttp tm 100mhzsteps hwpstate cpb



Memory: 4k page, physical 16431892k(9229188k free), swap 0k(0k free)

vm_info: OpenJDK 64-Bit Server VM (25.25-b02) for linux-amd64 JRE (1.8.0_25-b17), built on Oct 23 2014 09:39:24 by "zulu_re" with gcc 4.4.7 20120313 (Red Hat 4.4.7-3)

time: Thu Apr  2 23:54:57 2015
elapsed time: 0 seconds (0d 0h 0m 0s)

