#
# A fatal error has been detected by the Java Runtime Environment:
#
#  SIGILL (0x4) at pc=0x00007fb47563a21a, pid=12269, tid=140412920518400
#
# JRE version: OpenJDK Runtime Environment (8.0_25-b17) (build 1.8.0_25-b17)
# Java VM: OpenJDK 64-Bit Server VM (25.25-b02 mixed mode linux-amd64 compressed oops)
# Problematic frame:
# J 4937 C1 org.springframework.asm.MethodWriter.visitFieldInsn(ILjava/lang/String;Ljava/lang/String;Ljava/lang/String;)V (248 bytes) @ 0x00007fb47563a21a [0x00007fb475639ec0+0x35a]
#
# Failed to write core dump. Core dumps have been disabled. To enable core dumping, try "ulimit -c unlimited" before starting Java again
#
# If you would like to submit a bug report, please visit:
#   http://www.azulsystems.com/support/
#

---------------  T H R E A D  ---------------

Current thread (0x00007fb48511b800):  JavaThread "com.mea.app.WebServerInit.main()" [_thread_in_Java, id=12302, stack(0x00007fb46e2fd000,0x00007fb46e3fe000)]

siginfo: si_signo: 4 (SIGILL), si_code: 2 (ILL_ILLOPN), si_addr: 0x00007fb47563a21a

Registers:
RAX=0x0000000773adda48, RBX=0x00007fb486af7000, RCX=0x0000000000000001, RDX=0x000000000000004c
RSP=0x00007fb46e3fb1e0, RBP=0x00007fb46e3fb400, RSI=0x0000000773add060, RDI=0x00000000000000b4
R8 =0x00007fb46d6e6880, R9 =0x0000000000000320, R10=0x00000000ee75bb49, R11=0x0000000000000033
R12=0x0000000000000000, R13=0x0000000773add998, R14=0x0000000000000032, R15=0x00007fb48511b800
RIP=0x00007fb47563a21a, EFLAGS=0x0000000000010202, CSGSFS=0x0000000000000033, ERR=0x0000000000000000
  TRAPNO=0x0000000000000006

Top of Stack: (sp=0x00007fb46e3fb1e0)
0x00007fb46e3fb1e0:   00007fb46e3fb1e0 00007fb46d6a148f
0x00007fb46e3fb1f0:   00007fb46e3fb400 00007fb475763fcc
0x00007fb46e3fb200:   0000000000000000 0000000773add5c8
0x00007fb46e3fb210:   0000000000000000 00007fb46e3fb230
0x00007fb46e3fb220:   00007fb46e3fb280 00007fb475007710
0x00007fb46e3fb230:   0000000773add060 0000000773add980
0x00007fb46e3fb240:   00007fb4000000b4 0000000773adda48
0x00007fb46e3fb250:   00007fb46e3fb290 00007fb46d67c6a8
0x00007fb46e3fb260:   00007fb46e3fb400 00007fb475deaf3c
0x00007fb46e3fb270:   0000000773add980 0000000000000033
0x00007fb46e3fb280:   000000000000007d 0000000773add7e0
0x00007fb46e3fb290:   0000000773add8a0 0000000773aca950
0x00007fb46e3fb2a0:   00000000ee75a4c5 00007fb4756dc3f8
0x00007fb46e3fb2b0:   00007fb46e3fb400 00007fb475a59134
0x00007fb46e3fb2c0:   0000000773ad2660 00007fb47567606c
0x00007fb46e3fb2d0:   00007fb46e3fb418 00007fb475aa3a2c
0x00007fb46e3fb2e0:   00007fb46e3fb400 00007fb47563aec4
0x00007fb46e3fb2f0:   0000000773add008 0000000773acd800
0x00007fb46e3fb300:   0000000000000011 0000000773acfa20
0x00007fb46e3fb310:   0000000773add618 0000001000000000
0x00007fb46e3fb320:   0000000773add3e0 0000000000000019
0x00007fb46e3fb330:   00007fb46e3fb3b0 00007fb475007710
0x00007fb46e3fb340:   0000000773aca950 0000000773add1e8
0x00007fb46e3fb350:   00007fb4000000b4 0000000773add6a8
0x00007fb46e3fb360:   0000000773add690 0000000773add7e0
0x00007fb46e3fb370:   0000000773add980 00007fb47541f753
0x00007fb46e3fb380:   00007fb46e3fb400 00007fb47500798d
0x00007fb46e3fb390:   00007fb47500798d 0000000773aca950
0x00007fb46e3fb3a0:   0000000773add690 0000000773acfa00
0x00007fb46e3fb3b0:   00000000000000b4 0000000773add3e0
0x00007fb46e3fb3c0:   00007fb46e3fb3c0 00007fb46d687783
0x00007fb46e3fb3d0:   00007fb46e3fb428 00007fb46d6a0028 

Instructions: (pc=0x00007fb47563a21a)
0x00007fb47563a1fa:   d1 e9 fc 01 00 00 8b 4e 64 83 fa 44 49 b8 80 68
0x00007fb47563a20a:   6e 6d b4 7f 00 00 49 b9 20 03 00 00 00 00 00 00
0x00007fb47563a21a:   0e 84 0a 00 00 00 49 b9 30 03 00 00 00 00 00 00
0x00007fb47563a22a:   4b 8b 1c 08 48 8d 5b 01 4b 89 1c 08 0f 84 39 00 

Register to memory mapping:

RAX=0x0000000773adda48 is an oop
org.springframework.asm.Item 
 - klass: 'org/springframework/asm/Item'
RBX=0x00007fb486af7000 is an unknown value
RCX=0x0000000000000001 is an unknown value
RDX=0x000000000000004c is an unknown value
RSP=0x00007fb46e3fb1e0 is pointing into the stack for thread: 0x00007fb48511b800
RBP=0x00007fb46e3fb400 is pointing into the stack for thread: 0x00007fb48511b800
RSI=0x0000000773add060 is an oop
org.springframework.asm.MethodWriter 
 - klass: 'org/springframework/asm/MethodWriter'
RDI=0x00000000000000b4 is an unknown value
R8 =0x00007fb46d6e6880 is pointing into metadata
R9 =0x0000000000000320 is an unknown value
R10=0x00000000ee75bb49 is an unknown value
R11=0x0000000000000033 is an unknown value
R12=0x0000000000000000 is an unknown value
R13=0x0000000773add998 is an oop
[C 
 - klass: {type array char}
 - length: 51
R14=0x0000000000000032 is an unknown value
R15=0x00007fb48511b800 is a thread


Stack: [0x00007fb46e2fd000,0x00007fb46e3fe000],  sp=0x00007fb46e3fb1e0,  free space=1016k
Native frames: (J=compiled Java code, j=interpreted, Vv=VM code, C=native code)
J 4937 C1 org.springframework.asm.MethodWriter.visitFieldInsn(ILjava/lang/String;Ljava/lang/String;Ljava/lang/String;)V (248 bytes) @ 0x00007fb47563a21a [0x00007fb475639ec0+0x35a]
J 4358 C1 org.springframework.asm.MethodVisitor.visitFieldInsn(ILjava/lang/String;Ljava/lang/String;Ljava/lang/String;)V (20 bytes) @ 0x00007fb475deaf3c [0x00007fb475deaec0+0x7c]
J 4936 C1 org.springframework.cglib.core.CodeEmitter.emit_field(ILorg/springframework/asm/Type;Ljava/lang/String;Lorg/springframework/asm/Type;)V (19 bytes) @ 0x00007fb475a59134 [0x00007fb475a58b80+0x5b4]
j  org.springframework.cglib.core.CodeEmitter.getfield(Ljava/lang/String;)V+43
j  org.springframework.cglib.proxy.Enhancer.emitCurrentCallback(Lorg/springframework/cglib/core/CodeEmitter;I)V+9
j  org.springframework.cglib.proxy.Enhancer.access$300(Lorg/springframework/cglib/proxy/Enhancer;Lorg/springframework/cglib/core/CodeEmitter;I)V+3
j  org.springframework.cglib.proxy.Enhancer$6.emitCallback(Lorg/springframework/cglib/core/CodeEmitter;I)V+6
j  org.springframework.cglib.proxy.MethodInterceptorGenerator.generate(Lorg/springframework/cglib/core/ClassEmitter;Lorg/springframework/cglib/proxy/CallbackGenerator$Context;Ljava/util/List;)V+185
j  org.springframework.cglib.proxy.Enhancer.emitMethods(Lorg/springframework/cglib/core/ClassEmitter;Ljava/util/List;Ljava/util/List;)V+510
j  org.springframework.cglib.proxy.Enhancer.generateClass(Lorg/springframework/asm/ClassVisitor;)V+347
j  org.springframework.cglib.transform.TransformingClassGenerator.generateClass(Lorg/springframework/asm/ClassVisitor;)V+16
j  org.springframework.cglib.core.DefaultGeneratorStrategy.generate(Lorg/springframework/cglib/core/ClassGenerator;)[B+11
j  org.springframework.cglib.core.AbstractClassGenerator.create(Ljava/lang/Object;)Ljava/lang/Object;+182
j  org.springframework.cglib.proxy.Enhancer.createHelper()Ljava/lang/Object;+105
j  org.springframework.cglib.proxy.Enhancer.createClass()Ljava/lang/Class;+6
j  org.springframework.context.annotation.ConfigurationClassEnhancer.createClass(Lorg/springframework/cglib/proxy/Enhancer;)Ljava/lang/Class;+1
j  org.springframework.context.annotation.ConfigurationClassEnhancer.enhance(Ljava/lang/Class;)Ljava/lang/Class;+52
j  org.springframework.context.annotation.ConfigurationClassPostProcessor.enhanceConfigurationClasses(Lorg/springframework/beans/factory/config/ConfigurableListableBeanFactory;)V+204
j  org.springframework.context.annotation.ConfigurationClassPostProcessor.postProcessBeanFactory(Lorg/springframework/beans/factory/config/ConfigurableListableBeanFactory;)V+88
j  org.springframework.context.support.PostProcessorRegistrationDelegate.invokeBeanFactoryPostProcessors(Ljava/util/Collection;Lorg/springframework/beans/factory/config/ConfigurableListableBeanFactory;)V+28
j  org.springframework.context.support.PostProcessorRegistrationDelegate.invokeBeanFactoryPostProcessors(Lorg/springframework/beans/factory/config/ConfigurableListableBeanFactory;Ljava/util/List;)V+473
j  org.springframework.context.support.AbstractApplicationContext.invokeBeanFactoryPostProcessors(Lorg/springframework/beans/factory/config/ConfigurableListableBeanFactory;)V+5
j  org.springframework.context.support.AbstractApplicationContext.refresh()V+28
j  org.springframework.boot.context.embedded.EmbeddedWebApplicationContext.refresh()V+1
j  org.springframework.boot.SpringApplication.refresh(Lorg/springframework/context/ApplicationContext;)V+11
j  org.springframework.boot.SpringApplication.run([Ljava/lang/String;)Lorg/springframework/context/ConfigurableApplicationContext;+336
j  org.springframework.boot.SpringApplication.run([Ljava/lang/Object;[Ljava/lang/String;)Lorg/springframework/context/ConfigurableApplicationContext;+9
j  org.springframework.boot.SpringApplication.run(Ljava/lang/Object;[Ljava/lang/String;)Lorg/springframework/context/ConfigurableApplicationContext;+9
j  com.mea.app.WebServerInit.main([Ljava/lang/String;)V+3
v  ~StubRoutines::call_stub
V  [libjvm.so+0x639d3b]  JavaCalls::call_helper(JavaValue*, methodHandle*, JavaCallArguments*, Thread*)+0x108b
V  [libjvm.so+0x8dfa22]  Reflection::invoke(instanceKlassHandle, methodHandle, Handle, bool, objArrayHandle, BasicType, objArrayHandle, bool, Thread*)+0x572
V  [libjvm.so+0x8e361d]  Reflection::invoke_method(oopDesc*, Handle, objArrayHandle, Thread*)+0x14d
V  [libjvm.so+0x68ab67]  JVM_InvokeMethod+0x217
J 2068  sun.reflect.NativeMethodAccessorImpl.invoke0(Ljava/lang/reflect/Method;Ljava/lang/Object;[Ljava/lang/Object;)Ljava/lang/Object; (0 bytes) @ 0x00007fb4756b9b6d [0x00007fb4756b9a80+0xed]
J 2067 C1 sun.reflect.NativeMethodAccessorImpl.invoke(Ljava/lang/Object;[Ljava/lang/Object;)Ljava/lang/Object; (104 bytes) @ 0x00007fb4756bb114 [0x00007fb4756b9f40+0x11d4]
J 1901 C1 sun.reflect.DelegatingMethodAccessorImpl.invoke(Ljava/lang/Object;[Ljava/lang/Object;)Ljava/lang/Object; (10 bytes) @ 0x00007fb47562eacc [0x00007fb47562e9c0+0x10c]
J 1974 C1 java.lang.reflect.Method.invoke(Ljava/lang/Object;[Ljava/lang/Object;)Ljava/lang/Object; (62 bytes) @ 0x00007fb47567a2d4 [0x00007fb475679ee0+0x3f4]
j  org.springframework.boot.maven.RunMojo$LaunchRunner.run()V+64
j  java.lang.Thread.run()V+11
v  ~StubRoutines::call_stub
V  [libjvm.so+0x639d3b]  JavaCalls::call_helper(JavaValue*, methodHandle*, JavaCallArguments*, Thread*)+0x108b
V  [libjvm.so+0x63b137]  JavaCalls::call_virtual(JavaValue*, KlassHandle, Symbol*, Symbol*, JavaCallArguments*, Thread*)+0x2f7
V  [libjvm.so+0x63b5f7]  JavaCalls::call_virtual(JavaValue*, Handle, KlassHandle, Symbol*, Symbol*, Thread*)+0x47
V  [libjvm.so+0x682443]  thread_entry(JavaThread*, Thread*)+0x73
V  [libjvm.so+0x9aaf3b]  JavaThread::thread_main_inner()+0xdb
V  [libjvm.so+0x9ab108]  JavaThread::run()+0x1b8
V  [libjvm.so+0x8780e2]  java_start(Thread*)+0x122
C  [libpthread.so.0+0x8182]  start_thread+0xc2


---------------  P R O C E S S  ---------------

Java Threads: ( => current thread )
=>0x00007fb48511b800 JavaThread "com.mea.app.WebServerInit.main()" [_thread_in_Java, id=12302, stack(0x00007fb46e2fd000,0x00007fb46e3fe000)]
  0x00007fb4840c7800 JavaThread "Service Thread" daemon [_thread_blocked, id=12299, stack(0x00007fb46f615000,0x00007fb46f716000)]
  0x00007fb4840b2000 JavaThread "C1 CompilerThread2" daemon [_thread_blocked, id=12298, stack(0x00007fb46f716000,0x00007fb46f817000)]
  0x00007fb4840b0000 JavaThread "C2 CompilerThread1" daemon [_thread_in_native, id=12297, stack(0x00007fb46f817000,0x00007fb46f918000)]
  0x00007fb4840ad800 JavaThread "C2 CompilerThread0" daemon [_thread_in_native, id=12296, stack(0x00007fb4740af000,0x00007fb4741b0000)]
  0x00007fb4840ab000 JavaThread "Signal Dispatcher" daemon [_thread_blocked, id=12295, stack(0x00007fb4741b0000,0x00007fb4742b1000)]
  0x00007fb48407b800 JavaThread "Finalizer" daemon [_thread_blocked, id=12294, stack(0x00007fb4742b1000,0x00007fb4743b2000)]
  0x00007fb484079800 JavaThread "Reference Handler" daemon [_thread_blocked, id=12293, stack(0x00007fb4743b2000,0x00007fb4744b3000)]
  0x00007fb484009800 JavaThread "main" [_thread_blocked, id=12287, stack(0x00007fb48daa7000,0x00007fb48dba8000)]

Other Threads:
  0x00007fb484072800 VMThread [stack: 0x00007fb4744b3000,0x00007fb4745b4000] [id=12292]
  0x00007fb4840ca000 WatcherThread [stack: 0x00007fb46f514000,0x00007fb46f615000] [id=12300]

VM state:not at safepoint (normal execution)

VM Mutex/Monitor currently owned by a thread: None

Heap:
 PSYoungGen      total 202240K, used 129340K [0x000000076c700000, 0x000000077e180000, 0x00000007c0000000)
  eden space 192000K, 62% used [0x000000076c700000,0x0000000773b788d0,0x0000000778280000)
  from space 10240K, 98% used [0x000000077d780000,0x000000077e156768,0x000000077e180000)
  to   space 19968K, 0% used [0x000000077ba80000,0x000000077ba80000,0x000000077ce00000)
 ParOldGen       total 126976K, used 22852K [0x00000006c5400000, 0x00000006cd000000, 0x000000076c700000)
  object space 126976K, 17% used [0x00000006c5400000,0x00000006c6a51180,0x00000006cd000000)
 Metaspace       used 28932K, capacity 29582K, committed 30080K, reserved 1075200K
  class space    used 3448K, capacity 3585K, committed 3712K, reserved 1048576K

Card table byte_map: [0x00007fb48a121000,0x00007fb48a8f8000] byte_map_base: 0x00007fb486af7000

Marking Bits: (ParMarkBitMap*) 0x00007fb48cf4c7e0
 Begin Bits: [0x00007fb4502a0000, 0x00007fb454150000)
 End Bits:   [0x00007fb454150000, 0x00007fb458000000)

Polling page: 0x00007fb48daa6000

CodeCache: size=245760Kb used=14127Kb max_used=14242Kb free=231632Kb
 bounds [0x00007fb475000000, 0x00007fb475e80000, 0x00007fb484000000]
 total_blobs=4688 nmethods=4324 adapters=279
 compilation: enabled

Compilation events (10 events):
Event: 5.579 Thread 0x00007fb4840b2000 4934       3       org.springframework.asm.ClassWriter::newNameTypeItem (71 bytes)
Event: 5.580 Thread 0x00007fb4840b2000 nmethod 4934 0x00007fb475a59850 code [0x00007fb475a59a40, 0x00007fb475a59f58]
Event: 5.580 Thread 0x00007fb4840b2000 4935       3       org.springframework.cglib.core.ClassEmitter::getFieldInfo (64 bytes)
Event: 5.580 Thread 0x00007fb4840b2000 nmethod 4935 0x00007fb47563ab50 code [0x00007fb47563ada0, 0x00007fb47563c168]
Event: 5.580 Thread 0x00007fb4840b2000 4936       3       org.springframework.cglib.core.CodeEmitter::emit_field (19 bytes)
Event: 5.581 Thread 0x00007fb4840b2000 nmethod 4936 0x00007fb475a58990 code [0x00007fb475a58b80, 0x00007fb475a59338]
Event: 5.581 Thread 0x00007fb4840b2000 4937       3       org.springframework.asm.MethodWriter::visitFieldInsn (248 bytes)
Event: 5.582 Thread 0x00007fb4840b2000 nmethod 4937 0x00007fb475639cd0 code [0x00007fb475639ec0, 0x00007fb47563a778]
Event: 5.582 Thread 0x00007fb4840b2000 4938       3       org.springframework.asm.ClassWriter::newFieldItem (77 bytes)
Event: 5.582 Thread 0x00007fb4840b2000 nmethod 4938 0x00007fb4756390d0 code [0x00007fb4756392c0, 0x00007fb4756398b8]

GC Heap History (10 events):
Event: 2.661 GC heap before
{Heap before GC invocations=3 (full 0):
 PSYoungGen      total 75264K, used 72286K [0x000000076c700000, 0x0000000775a00000, 0x00000007c0000000)
  eden space 64512K, 100% used [0x000000076c700000,0x0000000770600000,0x0000000770600000)
  from space 10752K, 72% used [0x0000000771080000,0x00000007718179c8,0x0000000771b00000)
  to   space 10752K, 0% used [0x0000000770600000,0x0000000770600000,0x0000000771080000)
 ParOldGen       total 172032K, used 24K [0x00000006c5400000, 0x00000006cfc00000, 0x000000076c700000)
  object space 172032K, 0% used [0x00000006c5400000,0x00000006c5406000,0x00000006cfc00000)
 Metaspace       used 14639K, capacity 14990K, committed 15104K, reserved 1062912K
  class space    used 1668K, capacity 1726K, committed 1792K, reserved 1048576K
Event: 2.675 GC heap after
Heap after GC invocations=3 (full 0):
 PSYoungGen      total 75264K, used 9184K [0x000000076c700000, 0x0000000775a00000, 0x00000007c0000000)
  eden space 64512K, 0% used [0x000000076c700000,0x000000076c700000,0x0000000770600000)
  from space 10752K, 85% used [0x0000000770600000,0x0000000770ef8020,0x0000000771080000)
  to   space 10752K, 0% used [0x0000000774f80000,0x0000000774f80000,0x0000000775a00000)
 ParOldGen       total 172032K, used 32K [0x00000006c5400000, 0x00000006cfc00000, 0x000000076c700000)
  object space 172032K, 0% used [0x00000006c5400000,0x00000006c5408000,0x00000006cfc00000)
 Metaspace       used 14639K, capacity 14990K, committed 15104K, reserved 1062912K
  class space    used 1668K, capacity 1726K, committed 1792K, reserved 1048576K
}
Event: 3.202 GC heap before
{Heap before GC invocations=4 (full 0):
 PSYoungGen      total 75264K, used 73672K [0x000000076c700000, 0x0000000775a00000, 0x00000007c0000000)
  eden space 64512K, 99% used [0x000000076c700000,0x00000007705fa018,0x0000000770600000)
  from space 10752K, 85% used [0x0000000770600000,0x0000000770ef8020,0x0000000771080000)
  to   space 10752K, 0% used [0x0000000774f80000,0x0000000774f80000,0x0000000775a00000)
 ParOldGen       total 172032K, used 32K [0x00000006c5400000, 0x00000006cfc00000, 0x000000076c700000)
  object space 172032K, 0% used [0x00000006c5400000,0x00000006c5408000,0x00000006cfc00000)
 Metaspace       used 19066K, capacity 19586K, committed 19840K, reserved 1067008K
  class space    used 2219K, capacity 2361K, committed 2432K, reserved 1048576K
Event: 3.222 GC heap after
Heap after GC invocations=4 (full 0):
 PSYoungGen      total 139776K, used 10744K [0x000000076c700000, 0x0000000775a00000, 0x00000007c0000000)
  eden space 129024K, 0% used [0x000000076c700000,0x000000076c700000,0x0000000774500000)
  from space 10752K, 99% used [0x0000000774f80000,0x00000007759fe200,0x0000000775a00000)
  to   space 10752K, 0% used [0x0000000774500000,0x0000000774500000,0x0000000774f80000)
 ParOldGen       total 172032K, used 1503K [0x00000006c5400000, 0x00000006cfc00000, 0x000000076c700000)
  object space 172032K, 0% used [0x00000006c5400000,0x00000006c5577d00,0x00000006cfc00000)
 Metaspace       used 19066K, capacity 19586K, committed 19840K, reserved 1067008K
  class space    used 2219K, capacity 2361K, committed 2432K, reserved 1048576K
}
Event: 3.673 GC heap before
{Heap before GC invocations=5 (full 0):
 PSYoungGen      total 139776K, used 58385K [0x000000076c700000, 0x0000000775a00000, 0x00000007c0000000)
  eden space 129024K, 36% used [0x000000076c700000,0x000000076f586538,0x0000000774500000)
  from space 10752K, 99% used [0x0000000774f80000,0x00000007759fe200,0x0000000775a00000)
  to   space 10752K, 0% used [0x0000000774500000,0x0000000774500000,0x0000000774f80000)
 ParOldGen       total 172032K, used 1503K [0x00000006c5400000, 0x00000006cfc00000, 0x000000076c700000)
  object space 172032K, 0% used [0x00000006c5400000,0x00000006c5577d00,0x00000006cfc00000)
 Metaspace       used 20657K, capacity 21122K, committed 21248K, reserved 1069056K
  class space    used 2373K, capacity 2489K, committed 2560K, reserved 1048576K
Event: 3.712 GC heap after
Heap after GC invocations=5 (full 0):
 PSYoungGen      total 139776K, used 10733K [0x000000076c700000, 0x000000077ec00000, 0x00000007c0000000)
  eden space 129024K, 0% used [0x000000076c700000,0x000000076c700000,0x0000000774500000)
  from space 10752K, 99% used [0x0000000774500000,0x0000000774f7b5f8,0x0000000774f80000)
  to   space 20992K, 0% used [0x000000077d780000,0x000000077d780000,0x000000077ec00000)
 ParOldGen       total 172032K, used 13343K [0x00000006c5400000, 0x00000006cfc00000, 0x000000076c700000)
  object space 172032K, 7% used [0x00000006c5400000,0x00000006c6107d28,0x00000006cfc00000)
 Metaspace       used 20657K, capacity 21122K, committed 21248K, reserved 1069056K
  class space    used 2373K, capacity 2489K, committed 2560K, reserved 1048576K
}
Event: 3.712 GC heap before
{Heap before GC invocations=6 (full 1):
 PSYoungGen      total 139776K, used 10733K [0x000000076c700000, 0x000000077ec00000, 0x00000007c0000000)
  eden space 129024K, 0% used [0x000000076c700000,0x000000076c700000,0x0000000774500000)
  from space 10752K, 99% used [0x0000000774500000,0x0000000774f7b5f8,0x0000000774f80000)
  to   space 20992K, 0% used [0x000000077d780000,0x000000077d780000,0x000000077ec00000)
 ParOldGen       total 172032K, used 13343K [0x00000006c5400000, 0x00000006cfc00000, 0x000000076c700000)
  object space 172032K, 7% used [0x00000006c5400000,0x00000006c6107d28,0x00000006cfc00000)
 Metaspace       used 20657K, capacity 21122K, committed 21248K, reserved 1069056K
  class space    used 2373K, capacity 2489K, committed 2560K, reserved 1048576K
Event: 3.830 GC heap after
Heap after GC invocations=6 (full 1):
 PSYoungGen      total 139776K, used 0K [0x000000076c700000, 0x000000077ec00000, 0x00000007c0000000)
  eden space 129024K, 0% used [0x000000076c700000,0x000000076c700000,0x0000000774500000)
  from space 10752K, 0% used [0x0000000774500000,0x0000000774500000,0x0000000774f80000)
  to   space 20992K, 0% used [0x000000077d780000,0x000000077d780000,0x000000077ec00000)
 ParOldGen       total 126976K, used 22844K [0x00000006c5400000, 0x00000006cd000000, 0x000000076c700000)
  object space 126976K, 17% used [0x00000006c5400000,0x00000006c6a4f180,0x00000006cd000000)
 Metaspace       used 20657K, capacity 21122K, committed 21248K, reserved 1069056K
  class space    used 2373K, capacity 2489K, committed 2560K, reserved 1048576K
}
Event: 4.819 GC heap before
{Heap before GC invocations=7 (full 1):
 PSYoungGen      total 139776K, used 129024K [0x000000076c700000, 0x000000077ec00000, 0x00000007c0000000)
  eden space 129024K, 100% used [0x000000076c700000,0x0000000774500000,0x0000000774500000)
  from space 10752K, 0% used [0x0000000774500000,0x0000000774500000,0x0000000774f80000)
  to   space 20992K, 0% used [0x000000077d780000,0x000000077d780000,0x000000077ec00000)
 ParOldGen       total 126976K, used 22844K [0x00000006c5400000, 0x00000006cd000000, 0x000000076c700000)
  object space 126976K, 17% used [0x00000006c5400000,0x00000006c6a4f180,0x00000006cd000000)
 Metaspace       used 26095K, capacity 26800K, committed 27136K, reserved 1073152K
  class space    used 3087K, capacity 3260K, committed 3328K, reserved 1048576K
Event: 4.834 GC heap after
Heap after GC invocations=7 (full 1):
 PSYoungGen      total 202240K, used 10073K [0x000000076c700000, 0x000000077e180000, 0x00000007c0000000)
  eden space 192000K, 0% used [0x000000076c700000,0x000000076c700000,0x0000000778280000)
  from space 10240K, 98% used [0x000000077d780000,0x000000077e156768,0x000000077e180000)
  to   space 19968K, 0% used [0x000000077ba80000,0x000000077ba80000,0x000000077ce00000)
 ParOldGen       total 126976K, used 22852K [0x00000006c5400000, 0x00000006cd000000, 0x000000076c700000)
  object space 126976K, 17% used [0x00000006c5400000,0x00000006c6a51180,0x00000006cd000000)
 Metaspace       used 26095K, capacity 26800K, committed 27136K, reserved 1073152K
  class space    used 3087K, capacity 3260K, committed 3328K, reserved 1048576K
}

Deoptimization events (10 events):
Event: 4.210 Thread 0x00007fb48511b800 Uncommon trap: reason=null_check action=make_not_entrant pc=0x00007fb475aecbf4 method=java.lang.StringCoding.deref(Ljava/lang/ThreadLocal;)Ljava/lang/Object; @ 4
Event: 4.210 Thread 0x00007fb48511b800 Uncommon trap: reason=class_check action=maybe_recompile pc=0x00007fb475a62034 method=sun.misc.URLClassPath.getResource(Ljava/lang/String;Z)Lsun/misc/Resource; @ 53
Event: 4.592 Thread 0x00007fb48511b800 Uncommon trap: reason=class_check action=maybe_recompile pc=0x00007fb47593f024 method=java.util.AbstractMap.hashCode()I @ 3
Event: 4.593 Thread 0x00007fb48511b800 Uncommon trap: reason=class_check action=maybe_recompile pc=0x00007fb47593f024 method=java.util.AbstractMap.hashCode()I @ 3
Event: 4.594 Thread 0x00007fb48511b800 Uncommon trap: reason=class_check action=maybe_recompile pc=0x00007fb47593f024 method=java.util.AbstractMap.hashCode()I @ 3
Event: 4.595 Thread 0x00007fb48511b800 Uncommon trap: reason=class_check action=maybe_recompile pc=0x00007fb47593f024 method=java.util.AbstractMap.hashCode()I @ 3
Event: 4.680 Thread 0x00007fb48511b800 Uncommon trap: reason=unreached action=reinterpret pc=0x00007fb47567bc18 method=java.util.regex.Pattern.expr(Ljava/util/regex/Pattern$Node;)Ljava/util/regex/Pattern$Node; @ 24
Event: 4.905 Thread 0x00007fb48511b800 Uncommon trap: reason=unreached action=reinterpret pc=0x00007fb475347740 method=java.lang.AbstractStringBuilder.append(Ljava/lang/String;)Ljava/lang/AbstractStringBuilder; @ 1
Event: 4.905 Thread 0x00007fb48511b800 Uncommon trap: reason=unreached action=reinterpret pc=0x00007fb4752c04b8 method=java.lang.AbstractStringBuilder.append(Ljava/lang/String;)Ljava/lang/AbstractStringBuilder; @ 1
Event: 5.416 Thread 0x00007fb48511b800 Uncommon trap: reason=unreached action=reinterpret pc=0x00007fb475e2e154 method=java.net.URLClassLoader.getAndVerifyPackage(Ljava/lang/String;Ljava/util/jar/Manifest;Ljava/net/URL;)Ljava/lang/Package; @ 62

Internal exceptions (10 events):
Event: 5.547 Thread 0x00007fb48511b800 Exception <a 'java/security/PrivilegedActionException'> (0x000000077389ea18) thrown at [/export/home/tester/jenkins/workspace/zulu8-silver-build-rhel64/zulu-src/hotspot/src/share/vm/prims/jvm.cpp, line 1312]
Event: 5.547 Thread 0x00007fb48511b800 Exception <a 'java/security/PrivilegedActionException'> (0x000000077389f538) thrown at [/export/home/tester/jenkins/workspace/zulu8-silver-build-rhel64/zulu-src/hotspot/src/share/vm/prims/jvm.cpp, line 1312]
Event: 5.547 Thread 0x00007fb48511b800 Exception <a 'java/security/PrivilegedActionException'> (0x00000007738a79d8) thrown at [/export/home/tester/jenkins/workspace/zulu8-silver-build-rhel64/zulu-src/hotspot/src/share/vm/prims/jvm.cpp, line 1312]
Event: 5.547 Thread 0x00007fb48511b800 Exception <a 'java/security/PrivilegedActionException'> (0x00000007738a8410) thrown at [/export/home/tester/jenkins/workspace/zulu8-silver-build-rhel64/zulu-src/hotspot/src/share/vm/prims/jvm.cpp, line 1312]
Event: 5.547 Thread 0x00007fb48511b800 Exception <a 'java/security/PrivilegedActionException'> (0x00000007738be580) thrown at [/export/home/tester/jenkins/workspace/zulu8-silver-build-rhel64/zulu-src/hotspot/src/share/vm/prims/jvm.cpp, line 1312]
Event: 5.547 Thread 0x00007fb48511b800 Exception <a 'java/security/PrivilegedActionException'> (0x00000007738befa0) thrown at [/export/home/tester/jenkins/workspace/zulu8-silver-build-rhel64/zulu-src/hotspot/src/share/vm/prims/jvm.cpp, line 1312]
Event: 5.548 Thread 0x00007fb48511b800 Exception <a 'java/security/PrivilegedActionException'> (0x00000007738c6c70) thrown at [/export/home/tester/jenkins/workspace/zulu8-silver-build-rhel64/zulu-src/hotspot/src/share/vm/prims/jvm.cpp, line 1312]
Event: 5.548 Thread 0x00007fb48511b800 Exception <a 'java/security/PrivilegedActionException'> (0x00000007738c76a0) thrown at [/export/home/tester/jenkins/workspace/zulu8-silver-build-rhel64/zulu-src/hotspot/src/share/vm/prims/jvm.cpp, line 1312]
Event: 5.551 Thread 0x00007fb48511b800 Exception <a 'java/security/PrivilegedActionException'> (0x00000007738f0da0) thrown at [/export/home/tester/jenkins/workspace/zulu8-silver-build-rhel64/zulu-src/hotspot/src/share/vm/prims/jvm.cpp, line 1312]
Event: 5.551 Thread 0x00007fb48511b800 Exception <a 'java/security/PrivilegedActionException'> (0x00000007738f16a0) thrown at [/export/home/tester/jenkins/workspace/zulu8-silver-build-rhel64/zulu-src/hotspot/src/share/vm/prims/jvm.cpp, line 1312]

Events (10 events):
Event: 5.548 loading class org/springframework/security/config/annotation/web/builders/WebSecurity
Event: 5.548 loading class org/springframework/security/config/annotation/web/builders/WebSecurity done
Event: 5.551 loading class org/springframework/util/ReflectionUtils$1
Event: 5.551 loading class org/springframework/util/ReflectionUtils$1 done
Event: 5.565 Thread 0x00007fb48511b800 DEOPT PACKING pc=0x00007fb475dee430 sp=0x00007fb46e3fb740
Event: 5.565 Thread 0x00007fb48511b800 DEOPT UNPACKING pc=0x00007fb475046f73 sp=0x00007fb46e3fb4b8 mode 0
Event: 5.571 Thread 0x00007fb48511b800 DEOPT PACKING pc=0x00007fb475dee430 sp=0x00007fb46e3fb260
Event: 5.571 Thread 0x00007fb48511b800 DEOPT UNPACKING pc=0x00007fb475046f73 sp=0x00007fb46e3fafd8 mode 0
Event: 5.577 Thread 0x00007fb48511b800 DEOPT PACKING pc=0x00007fb4751c5471 sp=0x00007fb46e3fb070
Event: 5.577 Thread 0x00007fb48511b800 DEOPT UNPACKING pc=0x00007fb475046f73 sp=0x00007fb46e3fade8 mode 0


Dynamic libraries:
00400000-00401000 r-xp 00000000 08:02 1516300                            /usr/lib/jvm/zulu-8-amd64/bin/java
00600000-00601000 rw-p 00000000 08:02 1516300                            /usr/lib/jvm/zulu-8-amd64/bin/java
0100d000-0102e000 rw-p 00000000 00:00 0                                  [heap]
6c5400000-6cd000000 rw-p 00000000 00:00 0 
6cd000000-76c700000 ---p 00000000 00:00 0 
76c700000-77e180000 rw-p 00000000 00:00 0 
77e180000-7c0000000 ---p 00000000 00:00 0 
7c0000000-7c03a0000 rw-p 00000000 00:00 0 
7c03a0000-800000000 ---p 00000000 00:00 0 
7fb424000000-7fb42490d000 rw-p 00000000 00:00 0 
7fb42490d000-7fb428000000 ---p 00000000 00:00 0 
7fb42c000000-7fb42c021000 rw-p 00000000 00:00 0 
7fb42c021000-7fb430000000 ---p 00000000 00:00 0 
7fb430000000-7fb430021000 rw-p 00000000 00:00 0 
7fb430021000-7fb434000000 ---p 00000000 00:00 0 
7fb434000000-7fb4350be000 rw-p 00000000 00:00 0 
7fb4350be000-7fb438000000 ---p 00000000 00:00 0 
7fb438000000-7fb438e3d000 rw-p 00000000 00:00 0 
7fb438e3d000-7fb43c000000 ---p 00000000 00:00 0 
7fb43c000000-7fb43c021000 rw-p 00000000 00:00 0 
7fb43c021000-7fb440000000 ---p 00000000 00:00 0 
7fb440000000-7fb44153f000 rw-p 00000000 00:00 0 
7fb44153f000-7fb444000000 ---p 00000000 00:00 0 
7fb444000000-7fb444021000 rw-p 00000000 00:00 0 
7fb444021000-7fb448000000 ---p 00000000 00:00 0 
7fb448000000-7fb448021000 rw-p 00000000 00:00 0 
7fb448021000-7fb44c000000 ---p 00000000 00:00 0 
7fb44c000000-7fb44c0f9000 rw-p 00000000 00:00 0 
7fb44c0f9000-7fb450000000 ---p 00000000 00:00 0 
7fb4502a0000-7fb458000000 rw-p 00000000 00:00 0 
7fb458000000-7fb458021000 rw-p 00000000 00:00 0 
7fb458021000-7fb45c000000 ---p 00000000 00:00 0 
7fb460000000-7fb460021000 rw-p 00000000 00:00 0 
7fb460021000-7fb464000000 ---p 00000000 00:00 0 
7fb468000000-7fb468021000 rw-p 00000000 00:00 0 
7fb468021000-7fb46c000000 ---p 00000000 00:00 0 
7fb46d570000-7fb46d730000 rw-p 00000000 00:00 0 
7fb46d730000-7fb46d770000 ---p 00000000 00:00 0 
7fb46d770000-7fb46d970000 rw-p 00000000 00:00 0 
7fb46d970000-7fb46d978000 r-xp 00000000 08:02 1435953                    /usr/lib/jvm/zulu-8-amd64/jre/lib/amd64/libmanagement.so
7fb46d978000-7fb46db78000 ---p 00008000 08:02 1435953                    /usr/lib/jvm/zulu-8-amd64/jre/lib/amd64/libmanagement.so
7fb46db78000-7fb46db79000 rw-p 00008000 08:02 1435953                    /usr/lib/jvm/zulu-8-amd64/jre/lib/amd64/libmanagement.so
7fb46db79000-7fb46dd79000 rw-p 00000000 00:00 0 
7fb46dd79000-7fb46dd7b000 r--s 00009000 08:02 5342590                    /home/huff/.m2/repository/org/apache/tomcat/embed/tomcat-embed-logging-juli/8.0.15/tomcat-embed-logging-juli-8.0.15.jar
7fb46dd7e000-7fb46dd80000 r--s 00006000 08:02 5334506                    /home/huff/.m2/repository/org/slf4j/slf4j-api/1.7.7/slf4j-api-1.7.7.jar
7fb46dd83000-7fb46dd9b000 r--s 000e3000 08:02 5342599                    /home/huff/.m2/repository/org/springframework/spring-context/4.1.3.RELEASE/spring-context-4.1.3.RELEASE.jar
7fb46dda0000-7fb46dda1000 r--s 00000000 08:02 5342564                    /home/huff/.m2/repository/org/springframework/boot/spring-boot-starter-web/1.2.0.RELEASE/spring-boot-starter-web-1.2.0.RELEASE.jar
7fb46dda8000-7fb46dda9000 r--s 00000000 08:02 5343165                    /home/huff/.m2/repository/org/springframework/boot/spring-boot-starter-security/1.2.0.RELEASE/spring-boot-starter-security-1.2.0.RELEASE.jar
7fb46ddae000-7fb46ddc7000 r--s 001ae000 08:02 5341798                    /home/huff/.m2/repository/org/aspectj/aspectjweaver/1.8.4/aspectjweaver-1.8.4.jar
7fb46ddcc000-7fb46ddd1000 r--s 00034000 08:02 5342593                    /home/huff/.m2/repository/org/apache/tomcat/embed/tomcat-embed-websocket/8.0.15/tomcat-embed-websocket-8.0.15.jar
7fb46ddd7000-7fb46dde1000 r--s 0005f000 08:02 5342608                    /home/huff/.m2/repository/org/springframework/spring-jdbc/4.1.3.RELEASE/spring-jdbc-4.1.3.RELEASE.jar
7fb46dde6000-7fb46dde7000 r--s 00006000 08:02 5341832                    /home/huff/.m2/repository/org/jboss/spec/javax/transaction/jboss-transaction-api_1.2_spec/1.0.0.Final/jboss-transaction-api_1.2_spec-1.0.0.Final.jar
7fb46dde8000-7fb46ddea000 r--s 00000000 08:02 5334509                    /home/huff/.m2/repository/org/slf4j/jul-to-slf4j/1.7.7/jul-to-slf4j-1.7.7.jar
7fb46ddef000-7fb46ddf7000 r--s 0003f000 08:02 5342594                    /home/huff/.m2/repository/org/springframework/spring-messaging/4.1.3.RELEASE/spring-messaging-4.1.3.RELEASE.jar
7fb46ddfd000-7fb46de0a000 r--s 0006d000 08:02 5342619                    /home/huff/.m2/repository/org/springframework/data/spring-data-commons/1.9.1.RELEASE/spring-data-commons-1.9.1.RELEASE.jar
7fb46de0a000-7fb46de0b000 r--s 00002000 08:02 5341814                    /home/huff/.m2/repository/org/jboss/logging/jboss-logging-annotations/1.2.0.Beta1/jboss-logging-annotations-1.2.0.Beta1.jar
7fb46de12000-7fb46de1c000 r--s 0004a000 08:02 5343172                    /home/huff/.m2/repository/org/springframework/security/spring-security-web/3.2.5.RELEASE/spring-security-web-3.2.5.RELEASE.jar
7fb46de21000-7fb46de23000 r--s 00009000 08:02 5342610                    /home/huff/.m2/repository/org/apache/tomcat/tomcat-juli/8.0.15/tomcat-juli-8.0.15.jar
7fb46de27000-7fb46de29000 r--s 0001f000 08:02 5342611                    /home/huff/.m2/repository/org/apache/tomcat/tomcat-jdbc/8.0.15/tomcat-jdbc-8.0.15.jar
7fb46de2c000-7fb46de3b000 r--s 00064000 08:02 5342567                    /home/huff/.m2/repository/org/springframework/boot/spring-boot-autoconfigure/1.2.0.RELEASE/spring-boot-autoconfigure-1.2.0.RELEASE.jar
7fb46de40000-7fb46de43000 r--s 00010000 08:02 5341826                    /home/huff/.m2/repository/org/hibernate/common/hibernate-commons-annotations/4.0.5.Final/hibernate-commons-annotations-4.0.5.Final.jar
7fb46de45000-7fb46de4f000 r--s 000a5000 08:02 5341835                    /home/huff/.m2/repository/org/javassist/javassist/3.18.1-GA/javassist-3.18.1-GA.jar
7fb46de55000-7fb46de63000 r--s 0008d000 08:02 5342574                    /home/huff/.m2/repository/org/hibernate/hibernate-validator/5.1.3.Final/hibernate-validator-5.1.3.Final.jar
7fb46de66000-7fb46de6a000 r--s 00036000 08:02 5342588                    /home/huff/.m2/repository/org/apache/tomcat/embed/tomcat-embed-el/8.0.15/tomcat-embed-el-8.0.15.jar
7fb46de6c000-7fb46de6e000 r--s 0000c000 08:02 5341813                    /home/huff/.m2/repository/org/jboss/logging/jboss-logging/3.1.3.GA/jboss-logging-3.1.3.GA.jar
7fb46de6f000-7fb46de74000 r--s 00017000 08:02 5341828                    /home/huff/.m2/repository/org/hibernate/javax/persistence/hibernate-jpa-2.1-api/1.0.0.Final/hibernate-jpa-2.1-api-1.0.0.Final.jar
7fb46de79000-7fb46de7b000 r--s 00011000 08:02 5341818                    /home/huff/.m2/repository/org/jboss/jandex/1.1.0.Final/jandex-1.1.0.Final.jar
7fb46de80000-7fb46de81000 r--s 00000000 08:02 5342560                    /home/huff/.m2/repository/org/springframework/boot/spring-boot-starter-logging/1.2.0.RELEASE/spring-boot-starter-logging-1.2.0.RELEASE.jar
7fb46de84000-7fb46de8c000 r--s 00054000 08:02 5342614                    /home/huff/.m2/repository/org/springframework/spring-orm/4.1.3.RELEASE/spring-orm-4.1.3.RELEASE.jar
7fb46de8c000-7fb46de8e000 r--s 0000c000 08:02 5342620                    /home/huff/.m2/repository/org/springframework/spring-aspects/4.1.3.RELEASE/spring-aspects-4.1.3.RELEASE.jar
7fb46de90000-7fb46de91000 r--s 00000000 08:02 5342605                    /home/huff/.m2/repository/org/springframework/boot/spring-boot-starter-jdbc/1.2.0.RELEASE/spring-boot-starter-jdbc-1.2.0.RELEASE.jar
7fb46de98000-7fb46de99000 r--s 00000000 08:02 5342601                    /home/huff/.m2/repository/org/springframework/boot/spring-boot-starter-aop/1.2.0.RELEASE/spring-boot-starter-aop-1.2.0.RELEASE.jar
7fb46de9d000-7fb46de9e000 r--s 00005000 08:02 5334512                    /home/huff/.m2/repository/org/slf4j/log4j-over-slf4j/1.7.7/log4j-over-slf4j-1.7.7.jar
7fb46dea5000-7fb46dea7000 r--s 0000d000 08:02 5334557                    /home/huff/.m2/repository/com/fasterxml/classmate/1.0.0/classmate-1.0.0.jar
7fb46dea9000-7fb46dead000 r--s 00019000 08:02 5341796                    /home/huff/.m2/repository/org/aspectj/aspectjrt/1.8.4/aspectjrt-1.8.4.jar
7fb46deb0000-7fb46deb1000 r--s 00000000 08:02 5342604                    /home/huff/.m2/repository/org/springframework/boot/spring-boot-starter-data-jpa/1.2.0.RELEASE/spring-boot-starter-data-jpa-1.2.0.RELEASE.jar
7fb46deb8000-7fb46deb9000 r--s 00000000 08:02 5342561                    /home/huff/.m2/repository/org/springframework/boot/spring-boot-starter/1.2.0.RELEASE/spring-boot-starter-1.2.0.RELEASE.jar
7fb46debb000-7fb46dec1000 r--s 00033000 08:02 5343230                    /home/huff/.m2/repository/commons-codec/commons-codec/1.6/commons-codec-1.6.jar
7fb46dec8000-7fb46decd000 r--s 00048000 08:02 5341820                    /home/huff/.m2/repository/dom4j/dom4j/1.6.1/dom4j-1.6.1.jar
7fb46ded0000-7fb46ded1000 r--s 00000000 08:02 5342585                    /home/huff/.m2/repository/org/springframework/boot/spring-boot-starter-tomcat/1.2.0.RELEASE/spring-boot-starter-tomcat-1.2.0.RELEASE.jar
7fb46ded4000-7fb46ded8000 r--s 0000c000 08:02 5334551                    /home/huff/.m2/repository/javax/validation/validation-api/1.1.0.Final/validation-api-1.1.0.Final.jar
7fb46dedd000-7fb46dee3000 r--s 0003d000 08:02 5334515                    /home/huff/.m2/repository/ch/qos/logback/logback-classic/1.1.2/logback-classic-1.1.2.jar
7fb46dee8000-7fb46def7000 r--s 000b0000 08:02 5342579                    /home/huff/.m2/repository/org/springframework/spring-webmvc/4.1.3.RELEASE/spring-webmvc-4.1.3.RELEASE.jar
7fb46defd000-7fb46df01000 r--s 00035000 08:02 5343236                    /home/huff/.m2/repository/org/codehaus/jackson/jackson-core-asl/1.9.13/jackson-core-asl-1.9.13.jar
7fb46df07000-7fb46df09000 r--s 00007000 08:02 5343353                    /home/huff/.m2/repository/org/springframework/security/spring-security-jwt/1.0.2.RELEASE/spring-security-jwt-1.0.2.RELEASE.jar
7fb46df0f000-7fb46df1f000 r--s 0009f000 08:02 5342578                    /home/huff/.m2/repository/org/springframework/spring-web/4.1.3.RELEASE/spring-web-4.1.3.RELEASE.jar
7fb46df20000-7fb46df2d000 r--s 000a0000 08:02 5342597                    /home/huff/.m2/repository/org/springframework/spring-beans/4.1.3.RELEASE/spring-beans-4.1.3.RELEASE.jar
7fb46df33000-7fb46df35000 r--s 00003000 08:02 5334503                    /home/huff/.m2/repository/org/slf4j/jcl-over-slf4j/1.7.7/jcl-over-slf4j-1.7.7.jar
7fb46df39000-7fb46df47000 r--s 000b1000 08:02 5343233                    /home/huff/.m2/repository/org/codehaus/jackson/jackson-mapper-asl/1.9.13/jackson-mapper-asl-1.9.13.jar
7fb46df47000-7fb46df4e000 r--s 00037000 08:02 5342615                    /home/huff/.m2/repository/org/springframework/spring-tx/4.1.3.RELEASE/spring-tx-4.1.3.RELEASE.jar
7fb46df4f000-7fb46df5c000 r--s 0018f000 08:02 5342624                    /home/huff/.m2/repository/com/h2database/h2/1.4.182/h2-1.4.182.jar
7fb46df5c000-7fb46df60000 r--s 00034000 08:02 5342573                    /home/huff/.m2/repository/com/fasterxml/jackson/core/jackson-core/2.4.4/jackson-core-2.4.4.jar
7fb46df67000-7fb46df71000 r--s 0005f000 08:02 5334518                    /home/huff/.m2/repository/ch/qos/logback/logback-core/1.1.2/logback-core-1.1.2.jar
7fb46df77000-7fb46df80000 r--s 0004f000 08:02 5342630                    /home/huff/.m2/repository/org/springframework/spring-aop/4.1.3.RELEASE/spring-aop-4.1.3.RELEASE.jar
7fb46df82000-7fb46df89000 r--s 0008a000 08:02 5342623                    /home/huff/.m2/repository/org/postgresql/postgresql/9.3-1102-jdbc41/postgresql-9.3-1102-jdbc41.jar
7fb46df89000-7fb46df97000 r--s 00091000 08:02 5341811                    /home/huff/.m2/repository/org/hibernate/hibernate-entitymanager/4.3.7.Final/hibernate-entitymanager-4.3.7.Final.jar
7fb46df9e000-7fb46e19e000 rw-p 00000000 00:00 0 
7fb46e1a0000-7fb46e1a1000 r--s 00000000 08:02 5342558                    /home/huff/.m2/repository/org/springframework/boot/spring-boot-starter-websocket/1.2.0.RELEASE/spring-boot-starter-websocket-1.2.0.RELEASE.jar
7fb46e1a7000-7fb46e1b2000 r--s 0004f000 08:02 5342157                    /home/huff/.m2/repository/org/springframework/security/spring-security-core/3.2.5.RELEASE/spring-security-core-3.2.5.RELEASE.jar
7fb46e1b2000-7fb46e1be000 r--s 00072000 08:02 5343319                    /home/huff/.m2/repository/org/bouncycastle/bcpkix-jdk15on/1.47/bcpkix-jdk15on-1.47.jar
7fb46e1c4000-7fb46e1cc000 r--s 0005c000 08:02 5343169                    /home/huff/.m2/repository/org/springframework/security/spring-security-config/3.2.5.RELEASE/spring-security-config-3.2.5.RELEASE.jar
7fb46e1d0000-7fb46e1d6000 r--s 00030000 08:02 5342616                    /home/huff/.m2/repository/org/springframework/data/spring-data-jpa/1.7.1.RELEASE/spring-data-jpa-1.7.1.RELEASE.jar
7fb46e1db000-7fb46e208000 r--s 001bb000 08:02 5343322                    /home/huff/.m2/repository/org/bouncycastle/bcprov-jdk15on/1.47/bcprov-jdk15on-1.47.jar
7fb46e20b000-7fb46e210000 r--s 0003b000 08:02 5342628                    /home/huff/.m2/repository/org/springframework/spring-expression/4.1.3.RELEASE/spring-expression-4.1.3.RELEASE.jar
7fb46e210000-7fb46e215000 r--s 00068000 08:02 5341823                    /home/huff/.m2/repository/antlr/antlr/2.7.7/antlr-2.7.7.jar
7fb46e216000-7fb46e227000 r--s 000f6000 08:02 5342570                    /home/huff/.m2/repository/com/fasterxml/jackson/core/jackson-databind/2.4.4/jackson-databind-2.4.4.jar
7fb46e22e000-7fb46e233000 r--s 00016000 08:02 5341825                    /home/huff/.m2/repository/xml-apis/xml-apis/1.0.b2/xml-apis-1.0.b2.jar
7fb46e23a000-7fb46e244000 r--s 0005a000 08:02 5342559                    /home/huff/.m2/repository/org/springframework/boot/spring-boot/1.2.0.RELEASE/spring-boot-1.2.0.RELEASE.jar
7fb46e245000-7fb46e26a000 r--s 0028d000 08:02 5342586                    /home/huff/.m2/repository/org/apache/tomcat/embed/tomcat-embed-core/8.0.15/tomcat-embed-core-8.0.15.jar
7fb46e26d000-7fb46e274000 r--s 0003d000 08:02 5342569                    /home/huff/.m2/repository/org/yaml/snakeyaml/1.14/snakeyaml-1.14.jar
7fb46e277000-7fb46e27a000 r--s 00007000 08:02 5342568                    /home/huff/.m2/repository/com/fasterxml/jackson/core/jackson-annotations/2.4.4/jackson-annotations-2.4.4.jar
7fb46e27c000-7fb46e288000 r--s 0005c000 08:02 5343277                    /home/huff/.m2/repository/org/springframework/security/oauth/spring-security-oauth2/2.0.5.RELEASE/spring-security-oauth2-2.0.5.RELEASE.jar
7fb46e28f000-7fb46e297000 r--s 00057000 08:02 5342582                    /home/huff/.m2/repository/org/springframework/spring-websocket/4.1.3.RELEASE/spring-websocket-4.1.3.RELEASE.jar
7fb46e299000-7fb46e2f7000 r--s 004a9000 08:02 5341819                    /home/huff/.m2/repository/org/hibernate/hibernate-core/4.3.7.Final/hibernate-core-4.3.7.Final.jar
7fb46e2fd000-7fb46e300000 ---p 00000000 00:00 0 
7fb46e300000-7fb46e3fe000 rw-p 00000000 00:00 0                          [stack:12302]
7fb46e3fe000-7fb46e401000 r--s 00006000 08:02 5334940                    /home/huff/.m2/repository/com/google/code/findbugs/jsr305/1.3.9/jsr305-1.3.9.jar
7fb46e402000-7fb46e423000 r--s 00172000 08:02 5341491                    /home/huff/.m2/repository/com/google/guava/guava/11.0.2/guava-11.0.2.jar
7fb46e428000-7fb46e429000 r--s 00008000 08:02 5341484                    /home/huff/.m2/repository/asm/asm-util/3.2/asm-util-3.2.jar
7fb46e42c000-7fb46e42d000 r--s 00004000 08:02 5341485                    /home/huff/.m2/repository/asm/asm-analysis/3.2/asm-analysis-3.2.jar
7fb46e433000-7fb46e436000 r--s 00013000 08:02 5341486                    /home/huff/.m2/repository/commons-io/commons-io/1.3.2/commons-io-1.3.2.jar
7fb46e43a000-7fb46e43b000 r--s 00002000 08:02 5341480                    /home/huff/.m2/repository/org/vafer/jdependency/0.7/jdependency-0.7.jar
7fb46e43c000-7fb46e43f000 r--s 0000c000 08:02 5341478                    /home/huff/.m2/repository/org/apache/maven/shared/maven-dependency-tree/2.1/maven-dependency-tree-2.1.jar
7fb46e443000-7fb46e446000 r--s 00023000 08:02 5341483                    /home/huff/.m2/repository/org/jdom/jdom/1.1/jdom-1.1.jar
7fb46e44c000-7fb46e44e000 r--s 00004000 08:02 5341474                    /home/huff/.m2/repository/asm/asm-tree/3.3.1/asm-tree-3.3.1.jar
7fb46e450000-7fb46e452000 r--s 00008000 08:02 5341471                    /home/huff/.m2/repository/asm/asm-commons/3.3.1/asm-commons-3.3.1.jar
7fb46e452000-7fb46e453000 r--s 0000a000 08:02 5341468                    /home/huff/.m2/repository/asm/asm/3.3.1/asm-3.3.1.jar
7fb46e459000-7fb46e464000 r--s 00069000 08:02 5341479                    /home/huff/.m2/repository/org/sonatype/sisu/sisu-guice/2.1.7/sisu-guice-2.1.7-noaop.jar
7fb46e469000-7fb46e46e000 r--s 00021000 08:02 5341470                    /home/huff/.m2/repository/org/sonatype/sisu/sisu-inject-bean/1.4.2/sisu-inject-bean-1.4.2.jar
7fb46e46f000-7fb46e471000 r--s 00017000 08:02 5341467                    /home/huff/.m2/repository/org/apache/maven/plugins/maven-shade-plugin/2.2/maven-shade-plugin-2.2.jar
7fb46e472000-7fb46e476000 r--s 0003a000 08:02 5334938                    /home/huff/.m2/repository/org/codehaus/plexus/plexus-utils/3.0.17/plexus-utils-3.0.17.jar
7fb46e47c000-7fb46e480000 r--s 00014000 08:02 5341465                    /home/huff/.m2/repository/org/tukaani/xz/1.2/xz-1.2.jar
7fb46e482000-7fb46e487000 r--s 0003a000 08:02 5341463                    /home/huff/.m2/repository/org/apache/commons/commons-compress/1.5/commons-compress-1.5.jar
7fb46e48c000-7fb46e48f000 r--s 0000c000 08:02 5341460                    /home/huff/.m2/repository/org/codehaus/plexus/plexus-io/2.0.10/plexus-io-2.0.10.jar
7fb46e494000-7fb46e499000 r--s 00024000 08:02 5334936                    /home/huff/.m2/repository/org/codehaus/plexus/plexus-archiver/2.4.4/plexus-archiver-2.4.4.jar
7fb46e499000-7fb46e49b000 r--s 00009000 08:02 5341457                    /home/huff/.m2/repository/org/hamcrest/hamcrest-core/1.3/hamcrest-core-1.3.jar
7fb46e49d000-7fb46e4a5000 r--s 00045000 08:02 5342629                    /home/huff/.m2/repository/junit/junit/4.12/junit-4.12.jar
7fb46e4a7000-7fb46e4b0000 r--s 0006f000 08:02 5341459                    /home/huff/.m2/repository/log4j/log4j/1.2.17/log4j-1.2.17.jar
7fb46e4b6000-7fb46e4b8000 r--s 00006000 08:02 5341456                    /home/huff/.m2/repository/org/apache/maven/shared/maven-common-artifact-filters/1.4/maven-common-artifact-filters-1.4.jar
7fb46e4ba000-7fb46e4bc000 r--s 00002000 08:02 5334930                    /home/huff/.m2/repository/org/sonatype/plexus/plexus-cipher/1.4/plexus-cipher-1.4.jar
7fb46e4be000-7fb46e4bf000 r--s 00006000 08:02 5334927                    /home/huff/.m2/repository/org/sonatype/plexus/plexus-sec-dispatcher/1.3/plexus-sec-dispatcher-1.3.jar
7fb46e4c2000-7fb46e4c8000 r--s 00042000 08:02 5334928                    /home/huff/.m2/repository/org/eclipse/sisu/org.eclipse.sisu.inject/0.0.0.M5/org.eclipse.sisu.inject-0.0.0.M5.jar
7fb46e4c8000-7fb46e4ca000 r--s 00000000 08:02 5334569                    /home/huff/.m2/repository/aopalliance/aopalliance/1.0/aopalliance-1.0.jar
7fb46e4d0000-7fb46e4d8000 r--s 00050000 08:02 5334926                    /home/huff/.m2/repository/org/sonatype/sisu/sisu-guice/3.1.0/sisu-guice-3.1.0-no_aop.jar
7fb46e4d8000-7fb46e4d9000 r--s 00000000 08:02 5334922                    /home/huff/.m2/repository/javax/inject/javax.inject/1/javax.inject-1.jar
7fb46e4d9000-7fb46e4da000 r--s 00001000 08:02 5334918                    /home/huff/.m2/repository/javax/annotation/jsr250-api/1.0/jsr250-api-1.0.jar
7fb46e4e0000-7fb46e4e3000 r--s 00008000 08:02 5334915                    /home/huff/.m2/repository/javax/enterprise/cdi-api/1.0/cdi-api-1.0.jar
7fb46e4ea000-7fb46e4f0000 r--s 0002a000 08:02 5334921                    /home/huff/.m2/repository/org/eclipse/sisu/org.eclipse.sisu.plexus/0.0.0.M5/org.eclipse.sisu.plexus-0.0.0.M5.jar
7fb46e4f0000-7fb46e4f4000 r--s 00020000 08:02 5334912                    /home/huff/.m2/repository/org/eclipse/aether/aether-util/0.9.1.v20140329/aether-util-0.9.1.v20140329.jar
7fb46e4f5000-7fb46e4fa000 r--s 0001d000 08:02 5334911                    /home/huff/.m2/repository/org/eclipse/aether/aether-api/0.9.1.v20140329/aether-api-0.9.1.v20140329.jar
7fb46e4ff000-7fb46e503000 r--s 00027000 08:02 5334910                    /home/huff/.m2/repository/org/eclipse/aether/aether-impl/0.9.1.v20140329/aether-impl-0.9.1.v20140329.jar
7fb46e506000-7fb46e508000 r--s 00006000 08:02 5334908                    /home/huff/.m2/repository/org/eclipse/aether/aether-spi/0.9.1.v20140329/aether-spi-0.9.1.v20140329.jar
7fb46e50d000-7fb46e50f000 r--s 0000d000 08:02 5333637                    /home/huff/.m2/repository/org/codehaus/plexus/plexus-interpolation/1.15/plexus-interpolation-1.15.jar
7fb46e514000-7fb46e516000 r--s 00004000 08:02 5333628                    /home/huff/.m2/repository/org/apache/maven/maven-archiver/2.5/maven-archiver-2.5.jar
7fb46e516000-7fb46e518000 r--s 0000e000 08:02 5342817                    /home/huff/.m2/repository/commons-logging/commons-logging/1.2/commons-logging-1.2.jar
7fb46e51a000-7fb46e52e000 r--s 000e2000 08:02 5342580                    /home/huff/.m2/repository/org/springframework/spring-core/4.1.3.RELEASE/spring-core-4.1.3.RELEASE.jar
7fb46e535000-7fb46e537000 r--s 0001d000 08:02 5342816                    /home/huff/.m2/repository/org/springframework/boot/spring-boot-loader-tools/1.2.0.RELEASE/spring-boot-loader-tools-1.2.0.RELEASE.jar
7fb46e539000-7fb46e53b000 r--s 00009000 08:02 5342327                    /home/huff/.m2/repository/org/springframework/boot/spring-boot-maven-plugin/1.2.0.RELEASE/spring-boot-maven-plugin-1.2.0.RELEASE.jar
7fb46e53d000-7fb46e73d000 rw-p 00000000 00:00 0 
7fb46e73d000-7fb46e93d000 rw-p 00000000 00:00 0 
7fb46e93d000-7fb46e9b6000 r--s 010e5000 08:02 1204902                    /usr/lib/jvm/zulu-8-amd64/lib/tools.jar
7fb46e9bb000-7fb46e9be000 r--s 0001b000 08:02 5334187                    /home/huff/.m2/repository/junit/junit/3.8.2/junit-3.8.2.jar
7fb46e9bf000-7fb46e9cd000 r--s 0008f000 08:02 5334184                    /home/huff/.m2/repository/com/google/collections/google-collections/1.0/google-collections-1.0.jar
7fb46e9d2000-7fb46e9d3000 r--s 0000a000 08:02 5334181                    /home/huff/.m2/repository/commons-logging/commons-logging-api/1.1/commons-logging-api-1.1.jar
7fb46e9d9000-7fb46e9e0000 r--s 00051000 08:02 5334178                    /home/huff/.m2/repository/log4j/log4j/1.2.12/log4j-1.2.12.jar
7fb46e9e5000-7fb46e9e9000 r--s 0001d000 08:02 5334175                    /home/huff/.m2/repository/org/apache/xbean/xbean-reflect/3.4/xbean-reflect-3.4.jar
7fb46e9ec000-7fb46e9ed000 r--s 00004000 08:02 5334172                    /home/huff/.m2/repository/org/codehaus/plexus/plexus-compiler-javac/2.2/plexus-compiler-javac-2.2.jar
7fb46e9f0000-7fb46e9f2000 r--s 00000000 08:02 5334169                    /home/huff/.m2/repository/org/codehaus/plexus/plexus-compiler-manager/2.2/plexus-compiler-manager-2.2.jar
7fb46e9f5000-7fb46e9f7000 r--s 00005000 08:02 5334166                    /home/huff/.m2/repository/org/codehaus/plexus/plexus-compiler-api/2.2/plexus-compiler-api-2.2.jar
7fb46e9f8000-7fb46e9fa000 r--s 00000000 08:02 5334163                    /home/huff/.m2/repository/org/codehaus/plexus/plexus-component-annotations/1.5.5/plexus-component-annotations-1.5.5.jar
7fb46e9fa000-7fb46e9fc000 r--s 00002000 08:02 5334160                    /home/huff/.m2/repository/org/apache/maven/shared/maven-shared-incremental/1.1/maven-shared-incremental-1.1.jar
7fb46e9fe000-7fb46ea00000 r--s 00006000 08:02 5334157                    /home/huff/.m2/repository/com/google/code/findbugs/jsr305/2.0.1/jsr305-2.0.1.jar
7fb46ea03000-7fb46ea06000 r--s 00023000 08:02 5334154                    /home/huff/.m2/repository/org/apache/maven/shared/maven-shared-utils/0.1/maven-shared-utils-0.1.jar
7fb46ea08000-7fb46ea0c000 r--s 00030000 08:02 5334151                    /home/huff/.m2/repository/org/codehaus/plexus/plexus-utils/1.5.1/plexus-utils-1.5.1.jar
7fb46ea11000-7fb46ea13000 r--s 00009000 08:02 5333787                    /home/huff/.m2/repository/org/apache/maven/plugins/maven-compiler-plugin/3.1/maven-compiler-plugin-3.1.jar
7fb46ea13000-7fb46ea17000 r--s 00033000 08:02 5333732                    /home/huff/.m2/repository/org/codehaus/plexus/plexus-utils/2.0.5/plexus-utils-2.0.5.jar
7fb46ea1b000-7fb46ea1e000 r--s 0001b000 08:02 5333474                    /home/huff/.m2/repository/junit/junit/3.8.1/junit-3.8.1.jar
7fb46ea21000-7fb46ea22000 r--s 00001000 08:02 5333738                    /home/huff/.m2/repository/org/sonatype/plexus/plexus-build-api/0.0.4/plexus-build-api-0.0.4.jar
7fb46ea29000-7fb46ea2b000 r--s 00009000 08:02 5333735                    /home/huff/.m2/repository/org/apache/maven/shared/maven-filtering/1.1/maven-filtering-1.1.jar
7fb46ea32000-7fb46ea34000 r--s 00002000 08:02 5333625                    /home/huff/.m2/repository/org/codehaus/plexus/plexus-interactivity-api/1.0-alpha-4/plexus-interactivity-api-1.0-alpha-4.jar
7fb46ea36000-7fb46ea38000 r--s 00006000 08:02 5333622                    /home/huff/.m2/repository/commons-cli/commons-cli/1.0/commons-cli-1.0.jar
7fb46ea39000-7fb46ea3a000 r--s 00001000 08:02 5333619                    /home/huff/.m2/repository/org/apache/maven/doxia/doxia-sink-api/1.0-alpha-7/doxia-sink-api-1.0-alpha-7.jar
7fb46ea3a000-7fb46ea3b000 r--s 00002000 08:02 5333616                    /home/huff/.m2/repository/org/apache/maven/reporting/maven-reporting-api/2.0.6/maven-reporting-api-2.0.6.jar
7fb46ea3d000-7fb46ea3f000 r--s 0000d000 08:02 5333741                    /home/huff/.m2/repository/org/codehaus/plexus/plexus-interpolation/1.13/plexus-interpolation-1.13.jar
7fb46ea46000-7fb46ea48000 r--s 00006000 08:02 5333028                    /home/huff/.m2/repository/org/apache/maven/plugins/maven-resources-plugin/2.6/maven-resources-plugin-2.6.jar
7fb46ea4c000-7fb46ea50000 r--s 00034000 08:02 5333462                    /home/huff/.m2/repository/org/codehaus/plexus/plexus-utils/3.0/plexus-utils-3.0.jar
7fb46ea55000-7fb46ea57000 r--s 00005000 08:02 5333021                    /home/huff/.m2/repository/org/apache/maven/plugins/maven-clean-plugin/2.5/maven-clean-plugin-2.5.jar
7fb46ea58000-7fb46ec58000 rw-p 00000000 00:00 0 
7fb46ec58000-7fb46ec69000 r-xp 00000000 08:02 1435975                    /usr/lib/jvm/zulu-8-amd64/jre/lib/amd64/libnio.so
7fb46ec69000-7fb46ee68000 ---p 00011000 08:02 1435975                    /usr/lib/jvm/zulu-8-amd64/jre/lib/amd64/libnio.so
7fb46ee68000-7fb46ee69000 rw-p 00010000 08:02 1435975                    /usr/lib/jvm/zulu-8-amd64/jre/lib/amd64/libnio.so
7fb46ee70000-7fb46ee86000 r-xp 00000000 08:02 1435954                    /usr/lib/jvm/zulu-8-amd64/jre/lib/amd64/libnet.so
7fb46ee86000-7fb46f086000 ---p 00016000 08:02 1435954                    /usr/lib/jvm/zulu-8-amd64/jre/lib/amd64/libnet.so
7fb46f086000-7fb46f087000 rw-p 00016000 08:02 1435954                    /usr/lib/jvm/zulu-8-amd64/jre/lib/amd64/libnet.so
7fb46f08b000-7fb46f28b000 rw-p 00000000 00:00 0 
7fb46f28b000-7fb46f28f000 r--s 00093000 08:02 1147097                    /usr/lib/jvm/zulu-8-amd64/jre/lib/jsse.jar
7fb46f292000-7fb46f492000 rw-p 00000000 00:00 0 
7fb46f492000-7fb46f494000 r--s 0000a000 08:02 872967                     /usr/share/java/wagon-provider-api-2.x.jar
7fb46f496000-7fb46f497000 r--s 00006000 08:02 872684                     /usr/share/java/plexus-sec-dispatcher.jar
7fb46f49e000-7fb46f4a4000 r--s 0003e000 08:02 873003                     /usr/share/java/maven3-compat-3.0.5.jar
7fb46f4aa000-7fb46f4ac000 r--s 0000a000 08:02 873001                     /usr/share/java/maven3-artifact-3.0.5.jar
7fb46f4ae000-7fb46f4b0000 r--s 00006000 08:02 1524435                    /usr/share/maven-repo/org/sonatype/aether/aether-connector-wagon/1.13.1/aether-connector-wagon-1.13.1.jar
7fb46f4b1000-7fb46f4b3000 r--s 00009000 08:02 873004                     /usr/share/java/maven3-plugin-api-3.0.5.jar
7fb46f4b9000-7fb46f4ba000 r--s 00001000 08:02 872968                     /usr/share/java/wagon-file-2.x.jar
7fb46f4bb000-7fb46f4d7000 r--s 00393000 08:02 1155447                    /usr/lib/jvm/zulu-8-amd64/jre/lib/ext/cldrdata.jar
7fb46f4de000-7fb46f4e8000 r--s 00116000 08:02 1155439                    /usr/lib/jvm/zulu-8-amd64/jre/lib/ext/localedata.jar
7fb46f4e9000-7fb46f512000 r--s 001e9000 08:02 872551                     /usr/share/java/guava.jar
7fb46f514000-7fb46f515000 ---p 00000000 00:00 0 
7fb46f515000-7fb46f615000 rw-p 00000000 00:00 0                          [stack:12300]
7fb46f615000-7fb46f618000 ---p 00000000 00:00 0 
7fb46f618000-7fb46f716000 rw-p 00000000 00:00 0                          [stack:12299]
7fb46f716000-7fb46f719000 ---p 00000000 00:00 0 
7fb46f719000-7fb46f817000 rw-p 00000000 00:00 0                          [stack:12298]
7fb46f817000-7fb46f81a000 ---p 00000000 00:00 0 
7fb46f81a000-7fb46f918000 rw-p 00000000 00:00 0                          [stack:12297]
7fb46f918000-7fb46fffa000 r--p 00000000 08:02 829704                     /usr/lib/locale/locale-archive
7fb470000000-7fb470021000 rw-p 00000000 00:00 0 
7fb470021000-7fb474000000 ---p 00000000 00:00 0 
7fb474004000-7fb47400a000 r--s 0002c000 08:02 872859                     /usr/share/java/sisu-inject-plexus.jar
7fb47400e000-7fb474010000 r--s 0000e000 08:02 872579                     /usr/share/java/plexus-interpolation.jar
7fb474013000-7fb474015000 r--s 0000b000 08:02 872995                     /usr/share/java/maven3-aether-provider-3.0.5.jar
7fb474017000-7fb474019000 r--s 00007000 08:02 872543                     /usr/share/java/commons-cli-1.2.jar
7fb474020000-7fb474024000 r--s 00020000 08:02 873005                     /usr/share/java/maven3-model-builder-3.0.5.jar
7fb47402b000-7fb47402c000 r--s 00003000 08:02 1524412                    /usr/share/maven-repo/org/sonatype/aether/aether-spi/1.13.1/aether-spi-1.13.1.jar
7fb47402f000-7fb474031000 r--s 00007000 08:02 873002                     /usr/share/java/maven3-settings-builder-3.0.5.jar
7fb474038000-7fb47403a000 r--s 00008000 08:02 872998                     /usr/share/java/maven3-embedder-3.0.5.jar
7fb474041000-7fb474043000 r--s 00009000 08:02 872999                     /usr/share/java/maven3-settings-3.0.5.jar
7fb474044000-7fb474050000 r--s 0007c000 08:02 872997                     /usr/share/java/maven3-core-3.0.5.jar
7fb474055000-7fb474058000 r--s 0001d000 08:02 1524429                    /usr/share/maven-repo/org/sonatype/aether/aether-impl/1.13.1/aether-impl-1.13.1.jar
7fb47405a000-7fb474066000 r--s 00082000 08:02 872855                     /usr/share/java/sisu-guice.jar
7fb474068000-7fb474084000 r--s 00110000 08:02 872975                     /usr/share/java/wagon-http-shaded-2.x.jar
7fb474085000-7fb474087000 r--s 00005000 08:02 873000                     /usr/share/java/maven3-repository-metadata-3.0.5.jar
7fb47408a000-7fb47408c000 r--s 00002000 08:02 872682                     /usr/share/java/plexus-cipher.jar
7fb47408d000-7fb47408f000 r--s 00025000 08:02 872996                     /usr/share/java/maven3-model-3.0.5.jar
7fb474090000-7fb474097000 r--s 00040000 08:02 872864                     /usr/share/java/sisu-inject-bean.jar
7fb47409c000-7fb4740a0000 r--s 0001c000 08:02 1524400                    /usr/share/maven-repo/org/sonatype/aether/aether-util/1.13.1/aether-util-1.13.1.jar
7fb4740a3000-7fb4740a6000 r--s 00013000 08:02 1524417                    /usr/share/maven-repo/org/sonatype/aether/aether-api/1.13.1/aether-api-1.13.1.jar
7fb4740ab000-7fb4740af000 r--s 00033000 08:02 872837                     /usr/share/java/plexus-utils2-2.0.5.jar
7fb4740af000-7fb4740b2000 ---p 00000000 00:00 0 
7fb4740b2000-7fb4741b0000 rw-p 00000000 00:00 0                          [stack:12296]
7fb4741b0000-7fb4741b3000 ---p 00000000 00:00 0 
7fb4741b3000-7fb4742b1000 rw-p 00000000 00:00 0                          [stack:12295]
7fb4742b1000-7fb4742b4000 ---p 00000000 00:00 0 
7fb4742b4000-7fb4743b2000 rw-p 00000000 00:00 0                          [stack:12294]
7fb4743b2000-7fb4743b5000 ---p 00000000 00:00 0 
7fb4743b5000-7fb4744b3000 rw-p 00000000 00:00 0                          [stack:12293]
7fb4744b3000-7fb4744b4000 ---p 00000000 00:00 0 
7fb4744b4000-7fb475000000 rw-p 00000000 00:00 0                          [stack:12292]
7fb475000000-7fb475e80000 rwxp 00000000 00:00 0 
7fb475e80000-7fb484000000 ---p 00000000 00:00 0 
7fb484000000-7fb48513d000 rw-p 00000000 00:00 0 
7fb48513d000-7fb488000000 ---p 00000000 00:00 0 
7fb488003000-7fb48800a000 r--s 0003b000 08:02 872567                     /usr/share/java/commons-codec-1.9.jar
7fb48800f000-7fb4885c4000 rw-p 00000000 00:00 0 
7fb4885c4000-7fb488791000 r--s 03bb4000 08:02 1147095                    /usr/lib/jvm/zulu-8-amd64/jre/lib/rt.jar
7fb488797000-7fb4897e3000 rw-p 00000000 00:00 0 
7fb4897e3000-7fb4897e4000 ---p 00000000 00:00 0 
7fb4897e4000-7fb4898e4000 rw-p 00000000 00:00 0                          [stack:12291]
7fb4898e4000-7fb4898e5000 ---p 00000000 00:00 0 
7fb4898e5000-7fb4899e5000 rw-p 00000000 00:00 0                          [stack:12290]
7fb4899e5000-7fb4899e6000 ---p 00000000 00:00 0 
7fb4899e6000-7fb489ae6000 rw-p 00000000 00:00 0                          [stack:12289]
7fb489ae6000-7fb489ae7000 ---p 00000000 00:00 0 
7fb489ae7000-7fb489c25000 rw-p 00000000 00:00 0                          [stack:12288]
7fb489c25000-7fb48a121000 ---p 00000000 00:00 0 
7fb48a121000-7fb48a15f000 rw-p 00000000 00:00 0 
7fb48a15f000-7fb48a65a000 ---p 00000000 00:00 0 
7fb48a65a000-7fb48a6e8000 rw-p 00000000 00:00 0 
7fb48a6e8000-7fb48a8f7000 ---p 00000000 00:00 0 
7fb48a8f7000-7fb48a932000 rw-p 00000000 00:00 0 
7fb48a932000-7fb48acb8000 ---p 00000000 00:00 0 
7fb48acb8000-7fb48acd2000 r-xp 00000000 08:02 1435972                    /usr/lib/jvm/zulu-8-amd64/jre/lib/amd64/libzip.so
7fb48acd2000-7fb48aed1000 ---p 0001a000 08:02 1435972                    /usr/lib/jvm/zulu-8-amd64/jre/lib/amd64/libzip.so
7fb48aed1000-7fb48aed2000 rw-p 00019000 08:02 1435972                    /usr/lib/jvm/zulu-8-amd64/jre/lib/amd64/libzip.so
7fb48aed8000-7fb48aee3000 r-xp 00000000 08:02 3492391                    /lib/x86_64-linux-gnu/libnss_files-2.19.so
7fb48aee3000-7fb48b0e2000 ---p 0000b000 08:02 3492391                    /lib/x86_64-linux-gnu/libnss_files-2.19.so
7fb48b0e2000-7fb48b0e3000 r--p 0000a000 08:02 3492391                    /lib/x86_64-linux-gnu/libnss_files-2.19.so
7fb48b0e3000-7fb48b0e4000 rw-p 0000b000 08:02 3492391                    /lib/x86_64-linux-gnu/libnss_files-2.19.so
7fb48b0e8000-7fb48b0f3000 r-xp 00000000 08:02 3492419                    /lib/x86_64-linux-gnu/libnss_nis-2.19.so
7fb48b0f3000-7fb48b2f2000 ---p 0000b000 08:02 3492419                    /lib/x86_64-linux-gnu/libnss_nis-2.19.so
7fb48b2f2000-7fb48b2f3000 r--p 0000a000 08:02 3492419                    /lib/x86_64-linux-gnu/libnss_nis-2.19.so
7fb48b2f3000-7fb48b2f4000 rw-p 0000b000 08:02 3492419                    /lib/x86_64-linux-gnu/libnss_nis-2.19.so
7fb48b2f8000-7fb48b30f000 r-xp 00000000 08:02 3492348                    /lib/x86_64-linux-gnu/libnsl-2.19.so
7fb48b30f000-7fb48b50e000 ---p 00017000 08:02 3492348                    /lib/x86_64-linux-gnu/libnsl-2.19.so
7fb48b50e000-7fb48b50f000 r--p 00016000 08:02 3492348                    /lib/x86_64-linux-gnu/libnsl-2.19.so
7fb48b50f000-7fb48b510000 rw-p 00017000 08:02 3492348                    /lib/x86_64-linux-gnu/libnsl-2.19.so
7fb48b510000-7fb48b512000 rw-p 00000000 00:00 0 
7fb48b518000-7fb48b521000 r-xp 00000000 08:02 3492412                    /lib/x86_64-linux-gnu/libnss_compat-2.19.so
7fb48b521000-7fb48b720000 ---p 00009000 08:02 3492412                    /lib/x86_64-linux-gnu/libnss_compat-2.19.so
7fb48b720000-7fb48b721000 r--p 00008000 08:02 3492412                    /lib/x86_64-linux-gnu/libnss_compat-2.19.so
7fb48b721000-7fb48b722000 rw-p 00009000 08:02 3492412                    /lib/x86_64-linux-gnu/libnss_compat-2.19.so
7fb48b728000-7fb48b752000 r-xp 00000000 08:02 1435957                    /usr/lib/jvm/zulu-8-amd64/jre/lib/amd64/libjava.so
7fb48b752000-7fb48b951000 ---p 0002a000 08:02 1435957                    /usr/lib/jvm/zulu-8-amd64/jre/lib/amd64/libjava.so
7fb48b951000-7fb48b953000 rw-p 00029000 08:02 1435957                    /usr/lib/jvm/zulu-8-amd64/jre/lib/amd64/libjava.so
7fb48b958000-7fb48b965000 r-xp 00000000 08:02 1435963                    /usr/lib/jvm/zulu-8-amd64/jre/lib/amd64/libverify.so
7fb48b965000-7fb48bb65000 ---p 0000d000 08:02 1435963                    /usr/lib/jvm/zulu-8-amd64/jre/lib/amd64/libverify.so
7fb48bb65000-7fb48bb67000 rw-p 0000d000 08:02 1435963                    /usr/lib/jvm/zulu-8-amd64/jre/lib/amd64/libverify.so
7fb48bb68000-7fb48bb6f000 r-xp 00000000 08:02 3492428                    /lib/x86_64-linux-gnu/librt-2.19.so
7fb48bb6f000-7fb48bd6e000 ---p 00007000 08:02 3492428                    /lib/x86_64-linux-gnu/librt-2.19.so
7fb48bd6e000-7fb48bd6f000 r--p 00006000 08:02 3492428                    /lib/x86_64-linux-gnu/librt-2.19.so
7fb48bd6f000-7fb48bd70000 rw-p 00007000 08:02 3492428                    /lib/x86_64-linux-gnu/librt-2.19.so
7fb48bd70000-7fb48be75000 r-xp 00000000 08:02 3492343                    /lib/x86_64-linux-gnu/libm-2.19.so
7fb48be75000-7fb48c074000 ---p 00105000 08:02 3492343                    /lib/x86_64-linux-gnu/libm-2.19.so
7fb48c074000-7fb48c075000 r--p 00104000 08:02 3492343                    /lib/x86_64-linux-gnu/libm-2.19.so
7fb48c075000-7fb48c076000 rw-p 00105000 08:02 3492343                    /lib/x86_64-linux-gnu/libm-2.19.so
7fb48c078000-7fb48cc6d000 r-xp 00000000 08:02 1485096                    /usr/lib/jvm/zulu-8-amd64/jre/lib/amd64/server/libjvm.so
7fb48cc6d000-7fb48ce6c000 ---p 00bf5000 08:02 1485096                    /usr/lib/jvm/zulu-8-amd64/jre/lib/amd64/server/libjvm.so
7fb48ce6c000-7fb48cf3a000 rw-p 00bf4000 08:02 1485096                    /usr/lib/jvm/zulu-8-amd64/jre/lib/amd64/server/libjvm.so
7fb48cf3a000-7fb48cf79000 rw-p 00000000 00:00 0 
7fb48cf80000-7fb48d13b000 r-xp 00000000 08:02 3492420                    /lib/x86_64-linux-gnu/libc-2.19.so
7fb48d13b000-7fb48d33b000 ---p 001bb000 08:02 3492420                    /lib/x86_64-linux-gnu/libc-2.19.so
7fb48d33b000-7fb48d33f000 r--p 001bb000 08:02 3492420                    /lib/x86_64-linux-gnu/libc-2.19.so
7fb48d33f000-7fb48d341000 rw-p 001bf000 08:02 3492420                    /lib/x86_64-linux-gnu/libc-2.19.so
7fb48d341000-7fb48d346000 rw-p 00000000 00:00 0 
7fb48d348000-7fb48d34b000 r-xp 00000000 08:02 3492395                    /lib/x86_64-linux-gnu/libdl-2.19.so
7fb48d34b000-7fb48d54a000 ---p 00003000 08:02 3492395                    /lib/x86_64-linux-gnu/libdl-2.19.so
7fb48d54a000-7fb48d54b000 r--p 00002000 08:02 3492395                    /lib/x86_64-linux-gnu/libdl-2.19.so
7fb48d54b000-7fb48d54c000 rw-p 00003000 08:02 3492395                    /lib/x86_64-linux-gnu/libdl-2.19.so
7fb48d550000-7fb48d565000 r-xp 00000000 08:02 1402989                    /usr/lib/jvm/zulu-8-amd64/lib/amd64/jli/libjli.so
7fb48d565000-7fb48d764000 ---p 00015000 08:02 1402989                    /usr/lib/jvm/zulu-8-amd64/lib/amd64/jli/libjli.so
7fb48d764000-7fb48d765000 rw-p 00014000 08:02 1402989                    /usr/lib/jvm/zulu-8-amd64/lib/amd64/jli/libjli.so
7fb48d768000-7fb48d781000 r-xp 00000000 08:02 3492360                    /lib/x86_64-linux-gnu/libpthread-2.19.so
7fb48d781000-7fb48d980000 ---p 00019000 08:02 3492360                    /lib/x86_64-linux-gnu/libpthread-2.19.so
7fb48d980000-7fb48d981000 r--p 00018000 08:02 3492360                    /lib/x86_64-linux-gnu/libpthread-2.19.so
7fb48d981000-7fb48d982000 rw-p 00019000 08:02 3492360                    /lib/x86_64-linux-gnu/libpthread-2.19.so
7fb48d982000-7fb48d986000 rw-p 00000000 00:00 0 
7fb48d988000-7fb48d9ab000 r-xp 00000000 08:02 3492414                    /lib/x86_64-linux-gnu/ld-2.19.so
7fb48d9b0000-7fb48d9b2000 r--s 00000000 08:02 872844                     /usr/share/java/plexus-component-annotations-1.5-1.5.5.jar
7fb48d9b5000-7fb48d9b6000 r--s 0000d000 08:02 872272                     /usr/share/java/commons-logging-1.1.3.jar
7fb48d9b6000-7fb48d9bc000 r--s 00046000 08:02 872686                     /usr/share/java/commons-httpclient-3.1.jar
7fb48d9c2000-7fb48d9c4000 r--s 0000a000 08:02 872523                     /usr/share/java/plexus-classworlds2-2.5.1.jar
7fb48d9c6000-7fb48da98000 rw-p 00000000 00:00 0 
7fb48da98000-7fb48daa0000 rw-s 00000000 08:02 6734206                    /tmp/hsperfdata_huff/12269
7fb48daa3000-7fb48daa6000 rw-p 00000000 00:00 0 
7fb48daa6000-7fb48daa7000 r--p 00000000 00:00 0 
7fb48daa7000-7fb48daaa000 ---p 00000000 00:00 0 
7fb48daaa000-7fb48dbaa000 rw-p 00000000 00:00 0                          [stack:12287]
7fb48dbaa000-7fb48dbab000 r--p 00022000 08:02 3492414                    /lib/x86_64-linux-gnu/ld-2.19.so
7fb48dbab000-7fb48dbac000 rw-p 00023000 08:02 3492414                    /lib/x86_64-linux-gnu/ld-2.19.so
7fb48dbac000-7fb48dbae000 rw-p 00000000 00:00 0 
7fb48dbae000-7fb48dbb1000 rw-p 00000000 00:00 0 
7fff9742f000-7fff97450000 rw-p 00000000 00:00 0                          [stack]
7fff97508000-7fff9750a000 r-xp 00000000 00:00 0                          [vdso]
ffffffffff600000-ffffffffff601000 r-xp 00000000 00:00 0                  [vsyscall]

VM Arguments:
jvm_args: -Dclassworlds.conf=/usr/share/maven/bin/m2.conf -Dmaven.home=/usr/share/maven 
java_command: org.codehaus.plexus.classworlds.launcher.Launcher clean spring-boot:run
java_class_path (initial): /usr/share/maven/boot/plexus-classworlds-2.x.jar
Launcher Type: SUN_STANDARD

Environment Variables:
JAVA_HOME=/usr/lib/jvm/zulu-8-amd64
PATH=/home/huff/bin:/usr/local/sbin:/usr/local/bin:/usr/sbin:/usr/bin:/sbin:/bin:/usr/games:/usr/local/games
SHELL=/bin/bash
DISPLAY=:0

Signal Handlers:
SIGSEGV: [libjvm.so+0x9f8430], sa_mask[0]=11111111011111111101111111111110, sa_flags=SA_RESTART|SA_SIGINFO
SIGBUS: [libjvm.so+0x9f8430], sa_mask[0]=11111111011111111101111111111110, sa_flags=SA_RESTART|SA_SIGINFO
SIGFPE: [libjvm.so+0x8715a0], sa_mask[0]=11111111011111111101111111111110, sa_flags=SA_RESTART|SA_SIGINFO
SIGPIPE: [libjvm.so+0x8715a0], sa_mask[0]=11111111011111111101111111111110, sa_flags=SA_RESTART|SA_SIGINFO
SIGXFSZ: [libjvm.so+0x8715a0], sa_mask[0]=11111111011111111101111111111110, sa_flags=SA_RESTART|SA_SIGINFO
SIGILL: [libjvm.so+0x8715a0], sa_mask[0]=11111111011111111101111111111110, sa_flags=SA_RESTART|SA_SIGINFO
SIGUSR1: SIG_DFL, sa_mask[0]=00000000000000000000000000000000, sa_flags=none
SIGUSR2: [libjvm.so+0x872c80], sa_mask[0]=00000000000000000000000000000000, sa_flags=SA_RESTART|SA_SIGINFO
SIGHUP: [libjvm.so+0x874320], sa_mask[0]=11111111011111111101111111111110, sa_flags=SA_RESTART|SA_SIGINFO
SIGINT: [libjvm.so+0x874320], sa_mask[0]=11111111011111111101111111111110, sa_flags=SA_RESTART|SA_SIGINFO
SIGTERM: [libjvm.so+0x874320], sa_mask[0]=11111111011111111101111111111110, sa_flags=SA_RESTART|SA_SIGINFO
SIGQUIT: [libjvm.so+0x874320], sa_mask[0]=11111111011111111101111111111110, sa_flags=SA_RESTART|SA_SIGINFO


---------------  S Y S T E M  ---------------

OS:DISTRIB_ID=Ubuntu
DISTRIB_RELEASE=14.04
DISTRIB_CODENAME=trusty
DISTRIB_DESCRIPTION="Ubuntu 14.04.1 LTS"

uname:Linux 3.13.0-43-generic #72-Ubuntu SMP Mon Dec 8 19:35:06 UTC 2014 x86_64
libc:glibc 2.19 NPTL 2.19 
rlimit: STACK 8192k, CORE 0k, NPROC 127690, NOFILE 4096, AS infinity
load average:0.30 0.26 0.33

/proc/meminfo:
MemTotal:       16431892 kB
MemFree:         9076544 kB
Buffers:          291328 kB
Cached:          3888668 kB
SwapCached:            0 kB
Active:          4794712 kB
Inactive:        2092792 kB
Active(anon):    2713552 kB
Inactive(anon):    61472 kB
Active(file):    2081160 kB
Inactive(file):  2031320 kB
Unevictable:         696 kB
Mlocked:             696 kB
SwapTotal:             0 kB
SwapFree:              0 kB
Dirty:               404 kB
Writeback:             0 kB
AnonPages:       2708252 kB
Mapped:           317644 kB
Shmem:             67520 kB
Slab:             254352 kB
SReclaimable:     216300 kB
SUnreclaim:        38052 kB
KernelStack:        5816 kB
PageTables:        47216 kB
NFS_Unstable:          0 kB
Bounce:                0 kB
WritebackTmp:          0 kB
CommitLimit:     8215944 kB
Committed_AS:    7647740 kB
VmallocTotal:   34359738367 kB
VmallocUsed:      331916 kB
VmallocChunk:   34359395336 kB
HardwareCorrupted:     0 kB
AnonHugePages:   1566720 kB
HugePages_Total:       0
HugePages_Free:        0
HugePages_Rsvd:        0
HugePages_Surp:        0
Hugepagesize:       2048 kB
DirectMap4k:       73344 kB
DirectMap2M:     3069952 kB
DirectMap1G:    13631488 kB


CPU:total 4 (4 cores per cpu, 1 threads per core) family 21 model 1 stepping 2, cmov, cx8, fxsr, mmx, sse, sse2, sse3, ssse3, sse4.1, sse4.2, popcnt, avx, aes, clmul, mmxext, 3dnowpref, lzcnt, sse4a, tsc, tscinvbit, tscinv

/proc/cpuinfo:
processor	: 0
vendor_id	: AuthenticAMD
cpu family	: 21
model		: 1
model name	: AMD FX(tm)-4100 Quad-Core Processor
stepping	: 2
microcode	: 0x6000609
cpu MHz		: 3300.000
cache size	: 2048 KB
physical id	: 0
siblings	: 4
core id		: 0
cpu cores	: 2
apicid		: 0
initial apicid	: 0
fpu		: yes
fpu_exception	: yes
cpuid level	: 13
wp		: yes
flags		: fpu vme de pse tsc msr pae mce cx8 apic sep mtrr pge mca cmov pat pse36 clflush mmx fxsr sse sse2 ht syscall nx mmxext fxsr_opt pdpe1gb rdtscp lm constant_tsc rep_good nopl nonstop_tsc extd_apicid aperfmperf pni pclmulqdq monitor ssse3 cx16 sse4_1 sse4_2 popcnt aes xsave avx lahf_lm cmp_legacy svm extapic cr8_legacy abm sse4a misalignsse 3dnowprefetch osvw ibs xop skinit wdt lwp fma4 nodeid_msr topoext perfctr_core perfctr_nb arat cpb hw_pstate npt lbrv svm_lock nrip_save tsc_scale vmcb_clean flushbyasid decodeassists pausefilter pfthreshold
bogomips	: 7248.26
TLB size	: 1536 4K pages
clflush size	: 64
cache_alignment	: 64
address sizes	: 48 bits physical, 48 bits virtual
power management: ts ttp tm 100mhzsteps hwpstate cpb

processor	: 1
vendor_id	: AuthenticAMD
cpu family	: 21
model		: 1
model name	: AMD FX(tm)-4100 Quad-Core Processor            
stepping	: 2
microcode	: 0x6000609
cpu MHz		: 3600.000
cache size	: 2048 KB
physical id	: 0
siblings	: 4
core id		: 1
cpu cores	: 2
apicid		: 1
initial apicid	: 1
fpu		: yes
fpu_exception	: yes
cpuid level	: 13
wp		: yes
flags		: fpu vme de pse tsc msr pae mce cx8 apic sep mtrr pge mca cmov pat pse36 clflush mmx fxsr sse sse2 ht syscall nx mmxext fxsr_opt pdpe1gb rdtscp lm constant_tsc rep_good nopl nonstop_tsc extd_apicid aperfmperf pni pclmulqdq monitor ssse3 cx16 sse4_1 sse4_2 popcnt aes xsave avx lahf_lm cmp_legacy svm extapic cr8_legacy abm sse4a misalignsse 3dnowprefetch osvw ibs xop skinit wdt lwp fma4 nodeid_msr topoext perfctr_core perfctr_nb arat cpb hw_pstate npt lbrv svm_lock nrip_save tsc_scale vmcb_clean flushbyasid decodeassists pausefilter pfthreshold
bogomips	: 7248.26
TLB size	: 1536 4K pages
clflush size	: 64
cache_alignment	: 64
address sizes	: 48 bits physical, 48 bits virtual
power management: ts ttp tm 100mhzsteps hwpstate cpb

processor	: 2
vendor_id	: AuthenticAMD
cpu family	: 21
model		: 1
model name	: AMD FX(tm)-4100 Quad-Core Processor            
stepping	: 2
microcode	: 0x6000609
cpu MHz		: 3600.000
cache size	: 2048 KB
physical id	: 0
siblings	: 4
core id		: 3
cpu cores	: 2
apicid		: 2
initial apicid	: 3
fpu		: yes
fpu_exception	: yes
cpuid level	: 13
wp		: yes
flags		: fpu vme de pse tsc msr pae mce cx8 apic sep mtrr pge mca cmov pat pse36 clflush mmx fxsr sse sse2 ht syscall nx mmxext fxsr_opt pdpe1gb rdtscp lm constant_tsc rep_good nopl nonstop_tsc extd_apicid aperfmperf pni pclmulqdq monitor ssse3 cx16 sse4_1 sse4_2 popcnt aes xsave avx lahf_lm cmp_legacy svm extapic cr8_legacy abm sse4a misalignsse 3dnowprefetch osvw ibs xop skinit wdt lwp fma4 nodeid_msr topoext perfctr_core perfctr_nb arat cpb hw_pstate npt lbrv svm_lock nrip_save tsc_scale vmcb_clean flushbyasid decodeassists pausefilter pfthreshold
bogomips	: 7248.26
TLB size	: 1536 4K pages
clflush size	: 64
cache_alignment	: 64
address sizes	: 48 bits physical, 48 bits virtual
power management: ts ttp tm 100mhzsteps hwpstate cpb

processor	: 3
vendor_id	: AuthenticAMD
cpu family	: 21
model		: 1
model name	: AMD FX(tm)-4100 Quad-Core Processor            
stepping	: 2
microcode	: 0x6000609
cpu MHz		: 3600.000
cache size	: 2048 KB
physical id	: 0
siblings	: 4
core id		: 2
cpu cores	: 2
apicid		: 3
initial apicid	: 2
fpu		: yes
fpu_exception	: yes
cpuid level	: 13
wp		: yes
flags		: fpu vme de pse tsc msr pae mce cx8 apic sep mtrr pge mca cmov pat pse36 clflush mmx fxsr sse sse2 ht syscall nx mmxext fxsr_opt pdpe1gb rdtscp lm constant_tsc rep_good nopl nonstop_tsc extd_apicid aperfmperf pni pclmulqdq monitor ssse3 cx16 sse4_1 sse4_2 popcnt aes xsave avx lahf_lm cmp_legacy svm extapic cr8_legacy abm sse4a misalignsse 3dnowprefetch osvw ibs xop skinit wdt lwp fma4 nodeid_msr topoext perfctr_core perfctr_nb arat cpb hw_pstate npt lbrv svm_lock nrip_save tsc_scale vmcb_clean flushbyasid decodeassists pausefilter pfthreshold
bogomips	: 7248.26
TLB size	: 1536 4K pages
clflush size	: 64
cache_alignment	: 64
address sizes	: 48 bits physical, 48 bits virtual
power management: ts ttp tm 100mhzsteps hwpstate cpb



Memory: 4k page, physical 16431892k(9076544k free), swap 0k(0k free)

vm_info: OpenJDK 64-Bit Server VM (25.25-b02) for linux-amd64 JRE (1.8.0_25-b17), built on Oct 23 2014 09:39:24 by "zulu_re" with gcc 4.4.7 20120313 (Red Hat 4.4.7-3)

time: Thu Apr  2 23:32:02 2015
elapsed time: 5 seconds (0d 0h 0m 5s)

